#
# There is insufficient memory for the Java Runtime Environment to continue.
# Native memory allocation (malloc) failed to allocate 2761136 bytes for Chunk::new
# Possible reasons:
#   The system is out of physical RAM or swap space
#   The process is running with CompressedOops enabled, and the Java Heap may be blocking the growth of the native heap
# Possible solutions:
#   Reduce memory load on the system
#   Increase physical memory or swap space
#   Check if swap backing store is full
#   Decrease Java heap size (-Xmx/-Xms)
#   Decrease number of Java threads
#   Decrease Java thread stack sizes (-Xss)
#   Set larger code cache with -XX:ReservedCodeCacheSize=
#   JVM is running with Unscaled Compressed Oops mode in which the Java heap is
#     placed in the first 4GB address space. The Java Heap base address is the
#     maximum limit for the native heap growth. Please use -XX:HeapBaseMinAddress
#     to set the Java Heap base and to place the Java Heap above 4GB virtual address.
# This output file may be truncated or incomplete.
#
#  Out of Memory Error (allocation.cpp:389), pid=5888, tid=0x00000000000008cc
#
# JRE version: OpenJDK Runtime Environment (8.0_242-b01) (build 1.8.0_242-release-1644-b01)
# Java VM: OpenJDK 64-Bit Server VM (25.242-b01 mixed mode windows-amd64 compressed oops)
# Failed to write core dump. Minidumps are not enabled by default on client versions of Windows
#

---------------  T H R E A D  ---------------

Current thread (0x0000000017258000):  JavaThread "C2 CompilerThread0" daemon [_thread_in_native, id=2252, stack(0x00000000188e0000,0x00000000189e0000)]

Stack: [0x00000000188e0000,0x00000000189e0000]
[error occurred during error reporting (printing stack bounds), id 0xc0000005]

Native frames: (J=compiled Java code, j=interpreted, Vv=VM code, C=native code)


Current CompileTask:
C2: 385175 12492       4       org.gradle.api.internal.artifacts.ivyservice.resolveengine.graph.builder.DependencyGraphBuilder::performSelectionSerially (102 bytes)


---------------  P R O C E S S  ---------------

Java Threads: ( => current thread )
  0x000000001d44b000 JavaThread "Cache worker for file content cache (E:\Android_project\SignalAppscmdParflorent\.gradle\6.1.1\fileContent)" [_thread_blocked, id=12456, stack(0x0000000025640000,0x0000000025740000)]
  0x000000001d44c800 JavaThread "Cache worker for file content cache (C:\Users\homaw\.gradle\caches\6.1.1\fileContent)" [_thread_blocked, id=4308, stack(0x0000000025540000,0x0000000025640000)]
  0x000000001d44a000 JavaThread "Memory manager" [_thread_blocked, id=11724, stack(0x0000000025440000,0x0000000025540000)]
  0x000000001d9bd000 JavaThread "Cache worker for Build Output Cleanup Cache (E:\Android_project\SignalAppscmdParflorent\.gradle\buildOutputCleanup)" [_thread_blocked, id=8852, stack(0x0000000025340000,0x0000000025440000)]
  0x000000001d9c1800 JavaThread "Build operations Thread 4" [_thread_blocked, id=4888, stack(0x0000000025240000,0x0000000025340000)]
  0x000000001d9c0800 JavaThread "Build operations Thread 3" [_thread_blocked, id=1324, stack(0x0000000025140000,0x0000000025240000)]
  0x000000001d9bf000 JavaThread "Build operations Thread 2" [_thread_blocked, id=11988, stack(0x0000000025040000,0x0000000025140000)]
  0x000000001d9c0000 JavaThread "Build operations" [_thread_in_native, id=8388, stack(0x0000000024f40000,0x0000000025040000)]
  0x000000001d9b7800 JavaThread "Cache worker for cache directory md-rule (C:\Users\homaw\.gradle\caches\6.1.1\md-rule)" [_thread_blocked, id=4236, stack(0x0000000020ca0000,0x0000000020da0000)]
  0x000000001d9be800 JavaThread "Cache worker for cache directory md-supplier (C:\Users\homaw\.gradle\caches\6.1.1\md-supplier)" [_thread_blocked, id=10232, stack(0x000000001fa40000,0x000000001fb40000)]
  0x000000001d9bd800 JavaThread "Cache worker for file hash cache (E:\Android_project\SignalAppscmdParflorent\.gradle\6.1.1\fileHashes)" [_thread_blocked, id=120, stack(0x000000001f940000,0x000000001fa40000)]
  0x000000001d9ba000 JavaThread "Cache worker for checksums cache (E:\Android_project\SignalAppscmdParflorent\.gradle\checksums)" [_thread_blocked, id=10956, stack(0x000000001bb60000,0x000000001bc60000)]
  0x000000001d9b3000 JavaThread "Thread-41" [_thread_blocked, id=5064, stack(0x000000001ba60000,0x000000001bb60000)]
  0x000000001d9b7000 JavaThread "Stdin handler" [_thread_blocked, id=7500, stack(0x000000001b960000,0x000000001ba60000)]
  0x000000001d9b6000 JavaThread "Asynchronous log dispatcher for DefaultDaemonConnection: socket connection from /127.0.0.1:1972 to /127.0.0.1:2003" [_thread_blocked, id=8432, stack(0x000000001b860000,0x000000001b960000)]
  0x000000001a742800 JavaThread "Cancel handler" [_thread_blocked, id=9936, stack(0x000000001b460000,0x000000001b560000)]
  0x000000001a73f800 JavaThread "Handler for socket connection from /127.0.0.1:1972 to /127.0.0.1:2003" [_thread_in_native, id=12824, stack(0x000000001b360000,0x000000001b460000)]
  0x000000001d9b3800 JavaThread "Daemon worker Thread 2" [_thread_blocked, id=2220, stack(0x000000001b760000,0x000000001b860000)]
  0x000000001d9b2000 JavaThread "Daemon Thread 2" [_thread_blocked, id=13308, stack(0x0000000000a00000,0x0000000000b00000)]
  0x000000001a73f000 JavaThread "Cache worker for execution history cache (C:\Users\homaw\.gradle\caches\6.1.1\executionHistory)" [_thread_blocked, id=7048, stack(0x000000001fb40000,0x000000001fc40000)]
  0x000000001a742000 JavaThread "Cache worker for file hash cache (C:\Users\homaw\.gradle\caches\6.1.1\fileHashes)" [_thread_blocked, id=436, stack(0x000000001d030000,0x000000001d130000)]
  0x000000001a73e000 JavaThread "File lock request listener" [_thread_in_native, id=10904, stack(0x000000001cf30000,0x000000001d030000)]
  0x000000001c545000 JavaThread "Cache worker for journal cache (C:\Users\homaw\.gradle\caches\journal-1)" [_thread_blocked, id=6588, stack(0x000000001ce30000,0x000000001cf30000)]
  0x0000000019899800 JavaThread "Daemon periodic checks" [_thread_blocked, id=580, stack(0x000000001b260000,0x000000001b360000)]
  0x000000001989d000 JavaThread "Incoming local TCP Connector on port 1972" [_thread_in_native, id=5172, stack(0x000000001aff0000,0x000000001b0f0000)]
  0x000000001a11d000 JavaThread "Daemon health stats" [_thread_blocked, id=12592, stack(0x000000001a9b0000,0x000000001aab0000)]
  0x0000000018c08800 JavaThread "Service Thread" daemon [_thread_blocked, id=8744, stack(0x0000000018fe0000,0x00000000190e0000)]
  0x000000001725e800 JavaThread "C1 CompilerThread2" daemon [_thread_blocked, id=10048, stack(0x0000000018ae0000,0x0000000018be0000)]
  0x000000001725a000 JavaThread "C2 CompilerThread1" daemon [_thread_blocked, id=1860, stack(0x00000000189e0000,0x0000000018ae0000)]
=>0x0000000017258000 JavaThread "C2 CompilerThread0" daemon [_thread_in_native, id=2252, stack(0x00000000188e0000,0x00000000189e0000)]
  0x0000000017253000 JavaThread "Attach Listener" daemon [_thread_blocked, id=12648, stack(0x00000000187e0000,0x00000000188e0000)]
  0x0000000017252000 JavaThread "Signal Dispatcher" daemon [_thread_blocked, id=10476, stack(0x00000000186e0000,0x00000000187e0000)]
  0x000000000262a000 JavaThread "Finalizer" daemon [_thread_blocked, id=8516, stack(0x00000000184b0000,0x00000000185b0000)]
  0x0000000002621000 JavaThread "Reference Handler" daemon [_thread_blocked, id=11916, stack(0x00000000183b0000,0x00000000184b0000)]
  0x000000000252e000 JavaThread "main" [_thread_blocked, id=4892, stack(0x0000000002370000,0x0000000002470000)]

Other Threads:
  0x0000000017216800 VMThread [stack: 0x00000000182b0000,0x00000000183b0000] [id=12060]
  0x0000000018c09800 WatcherThread [stack: 0x00000000190e0000,0x00000000191e0000] [id=1868]

VM state:not at safepoint (normal execution)

VM Mutex/Monitor currently owned by a thread: None

heap address: 0x0000000080000000, size: 2048 MB, Compressed Oops mode: 32-bit
Narrow klass base: 0x0000000000000000, Narrow klass shift: 3
Compressed class space size: 1073741824 Address: 0x0000000100000000

Heap:
 PSYoungGen      total 325120K, used 244466K [0x00000000d5580000, 0x00000000f3480000, 0x0000000100000000)
  eden space 303616K, 73% used [0x00000000d5580000,0x00000000e2f3cb70,0x00000000e7e00000)
  from space 21504K, 99% used [0x00000000ea380000,0x00000000eb87fda0,0x00000000eb880000)
  to   space 38400K, 0% used [0x00000000e7e00000,0x00000000e7e00000,0x00000000ea380000)
 ParOldGen       total 84992K, used 57779K [0x0000000080000000, 0x0000000085300000, 0x00000000d5580000)
  object space 84992K, 67% used [0x0000000080000000,0x000000008386cdd0,0x0000000085300000)
 Metaspace       used 82638K, capacity 86570K, committed 86824K, reserved 1124352K
  class space    used 10864K, capacity 11742K, committed 11816K, reserved 1048576K

Card table byte_map: [0x00000000119f0000,0x0000000011e00000] byte_map_base: 0x00000000115f0000

Marking Bits: (ParMarkBitMap*) 0x0000000075f7f030
 Begin Bits: [0x00000000124b0000, 0x00000000144b0000)
 End Bits:   [0x00000000144b0000, 0x00000000164b0000)

Polling page: 0x0000000002330000

CodeCache: size=245760Kb used=35873Kb max_used=36202Kb free=209886Kb
 bounds [0x0000000002630000, 0x0000000004a00000, 0x0000000011630000]
 total_blobs=11373 nmethods=10540 adapters=746
 compilation: enabled

Compilation events (10 events):
Event: 382.350 Thread 0x000000001725e800 12564   !   3       org.gradle.api.internal.artifacts.ivyservice.resolveengine.artifact.ArtifactBackedResolvedVariant$DownloadArtifactFile::run (50 bytes)
Event: 382.351 Thread 0x000000001725e800 nmethod 12564 0x0000000003cdd110 code [0x0000000003cdd2a0, 0x0000000003cdd758]
Event: 382.375 Thread 0x000000001725e800 12565       2       java.util.TimSort::sort (229 bytes)
Event: 382.377 Thread 0x000000001725e800 nmethod 12565 0x0000000002fb4bd0 code [0x0000000002fb4da0, 0x0000000002fb5258]
Event: 382.599 Thread 0x000000001725e800 12566       3       org.gradle.api.internal.artifacts.ivyservice.resolveengine.artifact.ArtifactBackedResolvedVariant$SingleArtifactSet::startVisit (62 bytes)
Event: 382.601 Thread 0x000000001725e800 nmethod 12566 0x0000000002d30890 code [0x0000000002d30a60, 0x0000000002d31158]
Event: 383.876 Thread 0x000000001725e800 12567       3       org.gradle.execution.plan.Node::isExecuted (16 bytes)
Event: 383.877 Thread 0x000000001725e800 nmethod 12567 0x0000000002bddfd0 code [0x0000000002bde120, 0x0000000002bde2d0]
Event: 384.303 Thread 0x000000001725e800 12568       3       org.gradle.workers.internal.WorkerDaemonClientsManager$LogLevelChangeEventListener::onOutput (25 bytes)
Event: 384.304 Thread 0x000000001725e800 nmethod 12568 0x00000000029d1610 code [0x00000000029d1780, 0x00000000029d1b90]

GC Heap History (10 events):
Event: 118.007 GC heap before
{Heap before GC invocations=11 (full 2):
 PSYoungGen      total 254976K, used 241664K [0x00000000d5580000, 0x00000000e5e00000, 0x0000000100000000)
  eden space 241664K, 100% used [0x00000000d5580000,0x00000000e4180000,0x00000000e4180000)
  from space 13312K, 0% used [0x00000000e4f80000,0x00000000e4f80000,0x00000000e5c80000)
  to   space 14336K, 0% used [0x00000000e4180000,0x00000000e4180000,0x00000000e4f80000)
 ParOldGen       total 53760K, used 17345K [0x0000000080000000, 0x0000000083480000, 0x00000000d5580000)
  object space 53760K, 32% used [0x0000000080000000,0x00000000810f04d0,0x0000000083480000)
 Metaspace       used 53659K, capacity 55502K, committed 55720K, reserved 1097728K
  class space    used 7059K, capacity 7499K, committed 7592K, reserved 1048576K
Event: 119.186 GC heap after
Heap after GC invocations=11 (full 2):
 PSYoungGen      total 256000K, used 14309K [0x00000000d5580000, 0x00000000eb880000, 0x0000000100000000)
  eden space 241664K, 0% used [0x00000000d5580000,0x00000000d5580000,0x00000000e4180000)
  from space 14336K, 99% used [0x00000000e4180000,0x00000000e4f797a8,0x00000000e4f80000)
  to   space 21504K, 0% used [0x00000000ea380000,0x00000000ea380000,0x00000000eb880000)
 ParOldGen       total 53760K, used 29424K [0x0000000080000000, 0x0000000083480000, 0x00000000d5580000)
  object space 53760K, 54% used [0x0000000080000000,0x0000000081cbc2d0,0x0000000083480000)
 Metaspace       used 53659K, capacity 55502K, committed 55720K, reserved 1097728K
  class space    used 7059K, capacity 7499K, committed 7592K, reserved 1048576K
}
Event: 132.001 GC heap before
{Heap before GC invocations=12 (full 2):
 PSYoungGen      total 256000K, used 74337K [0x00000000d5580000, 0x00000000eb880000, 0x0000000100000000)
  eden space 241664K, 24% used [0x00000000d5580000,0x00000000d901edd8,0x00000000e4180000)
  from space 14336K, 99% used [0x00000000e4180000,0x00000000e4f797a8,0x00000000e4f80000)
  to   space 21504K, 0% used [0x00000000ea380000,0x00000000ea380000,0x00000000eb880000)
 ParOldGen       total 53760K, used 29424K [0x0000000080000000, 0x0000000083480000, 0x00000000d5580000)
  object space 53760K, 54% used [0x0000000080000000,0x0000000081cbc2d0,0x0000000083480000)
 Metaspace       used 56884K, capacity 59090K, committed 59160K, reserved 1099776K
  class space    used 7607K, capacity 8093K, committed 8104K, reserved 1048576K
Event: 132.171 GC heap after
Heap after GC invocations=12 (full 2):
 PSYoungGen      total 338432K, used 19364K [0x00000000d5580000, 0x00000000eba00000, 0x0000000100000000)
  eden space 316928K, 0% used [0x00000000d5580000,0x00000000d5580000,0x00000000e8b00000)
  from space 21504K, 90% used [0x00000000ea380000,0x00000000eb669120,0x00000000eb880000)
  to   space 24064K, 0% used [0x00000000e8b00000,0x00000000e8b00000,0x00000000ea280000)
 ParOldGen       total 53760K, used 29432K [0x0000000080000000, 0x0000000083480000, 0x00000000d5580000)
  object space 53760K, 54% used [0x0000000080000000,0x0000000081cbe2d0,0x0000000083480000)
 Metaspace       used 56884K, capacity 59090K, committed 59160K, reserved 1099776K
  class space    used 7607K, capacity 8093K, committed 8104K, reserved 1048576K
}
Event: 132.177 GC heap before
{Heap before GC invocations=13 (full 3):
 PSYoungGen      total 338432K, used 19364K [0x00000000d5580000, 0x00000000eba00000, 0x0000000100000000)
  eden space 316928K, 0% used [0x00000000d5580000,0x00000000d5580000,0x00000000e8b00000)
  from space 21504K, 90% used [0x00000000ea380000,0x00000000eb669120,0x00000000eb880000)
  to   space 24064K, 0% used [0x00000000e8b00000,0x00000000e8b00000,0x00000000ea280000)
 ParOldGen       total 53760K, used 29432K [0x0000000080000000, 0x0000000083480000, 0x00000000d5580000)
  object space 53760K, 54% used [0x0000000080000000,0x0000000081cbe2d0,0x0000000083480000)
 Metaspace       used 56884K, capacity 59090K, committed 59160K, reserved 1099776K
  class space    used 7607K, capacity 8093K, committed 8104K, reserved 1048576K
Event: 134.792 GC heap after
Heap after GC invocations=13 (full 3):
 PSYoungGen      total 338432K, used 0K [0x00000000d5580000, 0x00000000eba00000, 0x0000000100000000)
  eden space 316928K, 0% used [0x00000000d5580000,0x00000000d5580000,0x00000000e8b00000)
  from space 21504K, 0% used [0x00000000ea380000,0x00000000ea380000,0x00000000eb880000)
  to   space 24064K, 0% used [0x00000000e8b00000,0x00000000e8b00000,0x00000000ea280000)
 ParOldGen       total 84992K, used 34450K [0x0000000080000000, 0x0000000085300000, 0x00000000d5580000)
  object space 84992K, 40% used [0x0000000080000000,0x00000000821a49f0,0x0000000085300000)
 Metaspace       used 56853K, capacity 58996K, committed 59160K, reserved 1099776K
  class space    used 7598K, capacity 8084K, committed 8104K, reserved 1048576K
}
Event: 182.935 GC heap before
{Heap before GC invocations=14 (full 3):
 PSYoungGen      total 338432K, used 316928K [0x00000000d5580000, 0x00000000eba00000, 0x0000000100000000)
  eden space 316928K, 100% used [0x00000000d5580000,0x00000000e8b00000,0x00000000e8b00000)
  from space 21504K, 0% used [0x00000000ea380000,0x00000000ea380000,0x00000000eb880000)
  to   space 24064K, 0% used [0x00000000e8b00000,0x00000000e8b00000,0x00000000ea280000)
 ParOldGen       total 84992K, used 34450K [0x0000000080000000, 0x0000000085300000, 0x00000000d5580000)
  object space 84992K, 40% used [0x0000000080000000,0x00000000821a49f0,0x0000000085300000)
 Metaspace       used 72259K, capacity 75240K, committed 75304K, reserved 1114112K
  class space    used 9874K, capacity 10526K, committed 10536K, reserved 1048576K
Event: 184.914 GC heap after
Heap after GC invocations=14 (full 3):
 PSYoungGen      total 340992K, used 24055K [0x00000000d5580000, 0x00000000eba00000, 0x0000000100000000)
  eden space 316928K, 0% used [0x00000000d5580000,0x00000000d5580000,0x00000000e8b00000)
  from space 24064K, 99% used [0x00000000e8b00000,0x00000000ea27de10,0x00000000ea280000)
  to   space 21504K, 0% used [0x00000000ea380000,0x00000000ea380000,0x00000000eb880000)
 ParOldGen       total 84992K, used 38649K [0x0000000080000000, 0x0000000085300000, 0x00000000d5580000)
  object space 84992K, 45% used [0x0000000080000000,0x00000000825be5a8,0x0000000085300000)
 Metaspace       used 72259K, capacity 75240K, committed 75304K, reserved 1114112K
  class space    used 9874K, capacity 10526K, committed 10536K, reserved 1048576K
}
Event: 295.034 GC heap before
{Heap before GC invocations=15 (full 3):
 PSYoungGen      total 340992K, used 340983K [0x00000000d5580000, 0x00000000eba00000, 0x0000000100000000)
  eden space 316928K, 100% used [0x00000000d5580000,0x00000000e8b00000,0x00000000e8b00000)
  from space 24064K, 99% used [0x00000000e8b00000,0x00000000ea27de10,0x00000000ea280000)
  to   space 21504K, 0% used [0x00000000ea380000,0x00000000ea380000,0x00000000eb880000)
 ParOldGen       total 84992K, used 38649K [0x0000000080000000, 0x0000000085300000, 0x00000000d5580000)
  object space 84992K, 45% used [0x0000000080000000,0x00000000825be5a8,0x0000000085300000)
 Metaspace       used 81279K, capacity 84968K, committed 85032K, reserved 1122304K
  class space    used 10705K, capacity 11509K, committed 11560K, reserved 1048576K
Event: 301.934 GC heap after
Heap after GC invocations=15 (full 3):
 PSYoungGen      total 325120K, used 21503K [0x00000000d5580000, 0x00000000f3480000, 0x0000000100000000)
  eden space 303616K, 0% used [0x00000000d5580000,0x00000000d5580000,0x00000000e7e00000)
  from space 21504K, 99% used [0x00000000ea380000,0x00000000eb87fda0,0x00000000eb880000)
  to   space 38400K, 0% used [0x00000000e7e00000,0x00000000e7e00000,0x00000000ea380000)
 ParOldGen       total 84992K, used 57779K [0x0000000080000000, 0x0000000085300000, 0x00000000d5580000)
  object space 84992K, 67% used [0x0000000080000000,0x000000008386cdd0,0x0000000085300000)
 Metaspace       used 81279K, capacity 84968K, committed 85032K, reserved 1122304K
  class space    used 10705K, capacity 11509K, committed 11560K, reserved 1048576K
}

Deoptimization events (10 events):
Event: 376.159 Thread 0x000000001d9b3800 Uncommon trap: reason=class_check action=maybe_recompile pc=0x000000000495c1a8 method=java.util.stream.AbstractPipeline.wrapAndCopyInto(Ljava/util/stream/Sink;Ljava/util/Spliterator;)Ljava/util/stream/Sink; @ 6
Event: 376.160 Thread 0x000000001d9b3800 Uncommon trap: reason=class_check action=maybe_recompile pc=0x000000000495c1a8 method=java.util.stream.AbstractPipeline.wrapAndCopyInto(Ljava/util/stream/Sink;Ljava/util/Spliterator;)Ljava/util/stream/Sink; @ 6
Event: 376.169 Thread 0x000000001d9b3800 Uncommon trap: reason=speculate_class_check action=maybe_recompile pc=0x00000000046ff72c method=com.google.common.base.Equivalence.hash(Ljava/lang/Object;)I @ 8
Event: 376.170 Thread 0x000000001d9b3800 Uncommon trap: reason=bimorphic action=maybe_recompile pc=0x00000000047d7a78 method=com.google.common.base.Equivalence.hash(Ljava/lang/Object;)I @ 8
Event: 376.171 Thread 0x000000001d9b3800 Uncommon trap: reason=bimorphic action=maybe_recompile pc=0x00000000047d7a78 method=com.google.common.base.Equivalence.hash(Ljava/lang/Object;)I @ 8
Event: 380.737 Thread 0x000000001d9b3800 Uncommon trap: reason=unstable_if action=reinterpret pc=0x00000000047e5c30 method=java.util.ArrayDeque.addLast(Ljava/lang/Object;)V @ 45
Event: 381.153 Thread 0x000000001d9b3800 Uncommon trap: reason=unstable_if action=reinterpret pc=0x0000000004789b00 method=org.gradle.internal.component.model.ComponentAttributeMatcher.isMatching(Lorg/gradle/internal/component/model/AttributeSelectionSchema;Lorg/gradle/api/internal/attributes/At
Event: 382.178 Thread 0x000000001d9b3800 Uncommon trap: reason=unstable_if action=reinterpret pc=0x000000000463bf24 method=org.gradle.api.internal.artifacts.transform.DefaultTransformationNodeRegistry.getIfExecuted(Lorg/gradle/api/artifacts/component/ComponentArtifactIdentifier;Lorg/gradle/api/i
Event: 382.186 Thread 0x000000001d9b3800 Uncommon trap: reason=unstable_if action=reinterpret pc=0x00000000046b1dc4 method=org.gradle.api.internal.artifacts.transform.DefaultTransformationNodeRegistry.getIfExecuted(Lorg/gradle/api/artifacts/component/ComponentArtifactIdentifier;Lorg/gradle/api/i
Event: 382.202 Thread 0x000000001d9c0000 Uncommon trap: reason=unstable_if action=reinterpret pc=0x0000000003fc6a5c method=org.gradle.internal.snapshot.VfsRelativePath.lengthOfCommonPrefix(Ljava/lang/String;Lorg/gradle/internal/snapshot/CaseSensitivity;)I @ 165

Classes redefined (0 events):
No events

Internal exceptions (10 events):
Event: 364.930 Thread 0x000000001d9b3000 Exception <a 'java/lang/NoSuchMethodError': <clinit>> (0x00000000dc926ac0) thrown at [C:\src\AOSP-openjdk-git\hotspot\src\share\vm\prims\jni.cpp, line 1615]
Event: 364.934 Thread 0x000000001d9b3000 Exception <a 'java/lang/NoSuchMethodError': <clinit>> (0x00000000dc92ebc0) thrown at [C:\src\AOSP-openjdk-git\hotspot\src\share\vm\prims\jni.cpp, line 1615]
Event: 367.343 Thread 0x000000001d9b3000 Exception <a 'java/lang/NoSuchMethodError': <clinit>> (0x00000000dc939238) thrown at [C:\src\AOSP-openjdk-git\hotspot\src\share\vm\prims\jni.cpp, line 1615]
Event: 367.387 Thread 0x000000001d9b3000 Exception <a 'java/lang/NoSuchMethodError': <clinit>> (0x00000000dc956738) thrown at [C:\src\AOSP-openjdk-git\hotspot\src\share\vm\prims\jni.cpp, line 1615]
Event: 367.388 Thread 0x000000001d9b3000 Exception <a 'java/lang/NoSuchMethodError': <clinit>> (0x00000000dc957c70) thrown at [C:\src\AOSP-openjdk-git\hotspot\src\share\vm\prims\jni.cpp, line 1615]
Event: 367.388 Thread 0x000000001d9b3000 Exception <a 'java/lang/NoSuchMethodError': <clinit>> (0x00000000dc959568) thrown at [C:\src\AOSP-openjdk-git\hotspot\src\share\vm\prims\jni.cpp, line 1615]
Event: 367.389 Thread 0x000000001d9b3000 Exception <a 'java/lang/NoSuchMethodError': <clinit>> (0x00000000dc95aa90) thrown at [C:\src\AOSP-openjdk-git\hotspot\src\share\vm\prims\jni.cpp, line 1615]
Event: 367.420 Thread 0x000000001d9b3000 Exception <a 'java/lang/NoSuchMethodError': <clinit>> (0x00000000dc964b60) thrown at [C:\src\AOSP-openjdk-git\hotspot\src\share\vm\prims\jni.cpp, line 1615]
Event: 367.427 Thread 0x000000001d9b3000 Exception <a 'java/lang/NoSuchMethodError': <clinit>> (0x00000000dda72318) thrown at [C:\src\AOSP-openjdk-git\hotspot\src\share\vm\prims\jni.cpp, line 1615]
Event: 368.487 Thread 0x000000001d9b3000 Exception <a 'java/lang/NoSuchMethodError': <clinit>> (0x00000000dda856b8) thrown at [C:\src\AOSP-openjdk-git\hotspot\src\share\vm\prims\jni.cpp, line 1615]

Events (10 events):
Event: 382.312 Thread 0x000000001725e800 flushing nmethod 0x000000000458aa10
Event: 382.315 Thread 0x000000001725e800 flushing nmethod 0x00000000046f6e90
Event: 382.315 Thread 0x000000001725e800 flushing nmethod 0x000000000470f290
Event: 382.315 Thread 0x000000001725e800 flushing nmethod 0x000000000470f650
Event: 384.621 loading class com/google/common/collect/CompactHashMap$1
Event: 384.621 loading class com/google/common/collect/CompactHashMap$1 done
Event: 384.627 Executing VM operation: Deoptimize
Event: 384.631 Executing VM operation: Deoptimize done
Event: 384.631 Thread 0x000000001d9c0000 DEOPT PACKING pc=0x000000000466afc4 sp=0x000000002503c4b0
Event: 384.631 Thread 0x000000001d9c0000 DEOPT UNPACKING pc=0x00000000026771d0 sp=0x000000002503c108 mode 0


Dynamic libraries:
0x00007ff707850000 - 0x00007ff707881000 	D:\Program Files\AndroidStudio\jre\bin\java.exe
0x00007ffd38550000 - 0x00007ffd38746000 	C:\WINDOWS\SYSTEM32\ntdll.dll
0x00007ffd381b0000 - 0x00007ffd3826d000 	C:\WINDOWS\System32\KERNEL32.DLL
0x00007ffd35c90000 - 0x00007ffd35f59000 	C:\WINDOWS\System32\KERNELBASE.dll
0x00007ffd37fc0000 - 0x00007ffd3806c000 	C:\WINDOWS\System32\ADVAPI32.dll
0x00007ffd383a0000 - 0x00007ffd3843e000 	C:\WINDOWS\System32\msvcrt.dll
0x00007ffd366d0000 - 0x00007ffd3676c000 	C:\WINDOWS\System32\sechost.dll
0x00007ffd38270000 - 0x00007ffd3839b000 	C:\WINDOWS\System32\RPCRT4.dll
0x00007ffd37690000 - 0x00007ffd37830000 	C:\WINDOWS\System32\USER32.dll
0x00007ffd36300000 - 0x00007ffd36322000 	C:\WINDOWS\System32\win32u.dll
0x00007ffd36610000 - 0x00007ffd3663a000 	C:\WINDOWS\System32\GDI32.dll
0x00007ffd36140000 - 0x00007ffd36249000 	C:\WINDOWS\System32\gdi32full.dll
0x00007ffd36410000 - 0x00007ffd364ad000 	C:\WINDOWS\System32\msvcp_win.dll
0x00007ffd364b0000 - 0x00007ffd365b0000 	C:\WINDOWS\System32\ucrtbase.dll
0x00007ffd19d50000 - 0x00007ffd19feb000 	C:\WINDOWS\WinSxS\amd64_microsoft.windows.common-controls_6595b64144ccf1df_6.0.19041.488_none_ca04af081b815d21\COMCTL32.dll
0x00007ffd36770000 - 0x00007ffd367a0000 	C:\WINDOWS\System32\IMM32.DLL
0x00000000755f0000 - 0x00000000756c2000 	D:\Program Files\AndroidStudio\jre\jre\bin\msvcr100.dll
0x00000000757b0000 - 0x0000000075ffb000 	D:\Program Files\AndroidStudio\jre\jre\bin\server\jvm.dll
0x00007ffd36f20000 - 0x00007ffd36f28000 	C:\WINDOWS\System32\PSAPI.DLL
0x00007ffd14e00000 - 0x00007ffd14e09000 	C:\WINDOWS\SYSTEM32\WSOCK32.dll
0x00007ffd37910000 - 0x00007ffd3797b000 	C:\WINDOWS\System32\WS2_32.dll
0x00007ffd20100000 - 0x00007ffd20127000 	C:\WINDOWS\SYSTEM32\WINMM.dll
0x00007ffd23290000 - 0x00007ffd2329a000 	C:\WINDOWS\SYSTEM32\VERSION.dll
0x00007ffd2eef0000 - 0x00007ffd2eeff000 	D:\Program Files\AndroidStudio\jre\jre\bin\verify.dll
0x00007ffd1bc70000 - 0x00007ffd1bc99000 	D:\Program Files\AndroidStudio\jre\jre\bin\java.dll
0x00007ffd1e510000 - 0x00007ffd1e526000 	D:\Program Files\AndroidStudio\jre\jre\bin\zip.dll
0x00007ffd36f40000 - 0x00007ffd37682000 	C:\WINDOWS\System32\SHELL32.dll
0x00007ffd33de0000 - 0x00007ffd34575000 	C:\WINDOWS\SYSTEM32\windows.storage.dll
0x00007ffd37980000 - 0x00007ffd37cd6000 	C:\WINDOWS\System32\combase.dll
0x00007ffd35690000 - 0x00007ffd356bc000 	C:\WINDOWS\SYSTEM32\Wldp.dll
0x00007ffd368c0000 - 0x00007ffd3696e000 	C:\WINDOWS\System32\SHCORE.dll
0x00007ffd36860000 - 0x00007ffd368b5000 	C:\WINDOWS\System32\shlwapi.dll
0x00007ffd35bc0000 - 0x00007ffd35be6000 	C:\WINDOWS\SYSTEM32\profapi.dll
0x00007ffd14d30000 - 0x00007ffd14d4a000 	D:\Program Files\AndroidStudio\jre\jre\bin\net.dll
0x00007ffd35410000 - 0x00007ffd3547a000 	C:\WINDOWS\system32\mswsock.dll
0x00007ffd0adc0000 - 0x00007ffd0add3000 	D:\Program Files\AndroidStudio\jre\jre\bin\nio.dll
0x00007ffd07130000 - 0x00007ffd07156000 	C:\Users\homaw\.gradle\native\31\windows-amd64\native-platform.dll
0x00007ffd1cac0000 - 0x00007ffd1cacd000 	D:\Program Files\AndroidStudio\jre\jre\bin\management.dll
0x00007ffd355e0000 - 0x00007ffd355f8000 	C:\WINDOWS\SYSTEM32\CRYPTSP.dll
0x00007ffd34d40000 - 0x00007ffd34d74000 	C:\WINDOWS\system32\rsaenh.dll
0x00007ffd36390000 - 0x00007ffd363b7000 	C:\WINDOWS\System32\bcrypt.dll
0x00007ffd35b80000 - 0x00007ffd35bae000 	C:\WINDOWS\SYSTEM32\USERENV.dll
0x00007ffd360c0000 - 0x00007ffd36140000 	C:\WINDOWS\System32\bcryptprimitives.dll
0x00007ffd35600000 - 0x00007ffd3560c000 	C:\WINDOWS\SYSTEM32\CRYPTBASE.dll
0x00007ffd35100000 - 0x00007ffd3513b000 	C:\WINDOWS\SYSTEM32\IPHLPAPI.DLL
0x00007ffd36640000 - 0x00007ffd36648000 	C:\WINDOWS\System32\NSI.dll
0x00007ffd27d70000 - 0x00007ffd27d87000 	C:\WINDOWS\SYSTEM32\dhcpcsvc6.DLL
0x00007ffd28db0000 - 0x00007ffd28dcd000 	C:\WINDOWS\SYSTEM32\dhcpcsvc.DLL
0x00007ffd35150000 - 0x00007ffd3521b000 	C:\WINDOWS\SYSTEM32\DNSAPI.dll

VM Arguments:
jvm_args: -Xmx2048m -Dfile.encoding=windows-1252 -Duser.country=FR -Duser.language=fr -Duser.variant 
java_command: org.gradle.launcher.daemon.bootstrap.GradleDaemon 6.1.1
java_class_path (initial): C:\Users\homaw\.gradle\wrapper\dists\gradle-6.1.1-all\cfmwm155h49vnt3hynmlrsdst\gradle-6.1.1\lib\gradle-launcher-6.1.1.jar
Launcher Type: SUN_STANDARD

Environment Variables:
PATH=C:\Windows\System32;C:\Windows;C:\Windows\System32\wbem;C:\Windows\System32\WindowsPowerShell\v1.0\;C:\Windows\System32\OpenSSH\;C:\Program Files\Inkscape\bin;C:\SD\Program Files\nodejs\;C:\Program Files\Git\cmd;D:\Program Files\Git\cmd;C:\Program Files\dotnet\;D:\Program Files\Python\Scripts\;D:\Program Files\Python\;C:\Users\homaw\AppData\Local\Microsoft\WindowsApps;D:\Program Files\Microsoft VS Code\bin;D:\Program Files\java jdk\bin;D:\Program Files\ffmpeg\bin;D:\Program Files\gcc\bin;D:\Program Files\GnuWin32\bin;D:\Program Files\PyCharm Community Edition 2019.3.1\bin;D:\Program Files\Nmap;D:\Program Files\IntelliJ IDEA Community Edition 2020.1.2\bin;D:\Program Files\Git\bin;D:\Serveur\mysql\bin;D:\Program Files\Inno Setup 6;D:\Program Files\Git\bin;C:\Users\homaw\AppData\Roaming\npm;D:\Program Files\Sublime Text 3;C:\Users\homaw\AppData\Local\GitHubDesktop\bin
USERNAME=homaw
OS=Windows_NT
PROCESSOR_IDENTIFIER=Intel64 Family 6 Model 142 Stepping 9, GenuineIntel



---------------  S Y S T E M  ---------------

OS: Windows 10.0 , 64 bit Build 19041 (10.0.19041.662)

CPU:total 4 (initial active 4) (2 cores per cpu, 2 threads per core) family 6 model 142 stepping 9, cmov, cx8, fxsr, mmx, sse, sse2, sse3, ssse3, sse4.1, sse4.2, popcnt, aes, clmul, erms, 3dnowpref, lzcnt, ht, tsc, tscinvbit

Memory: 4k page, physical 4076004k(257584k free), swap 10367460k(6612k free)

vm_info: OpenJDK 64-Bit Server VM (25.242-b01) for windows-amd64 JRE (1.8.0_242-release-1644-b01), built by "builder" with MS VC++ 10.0 (VS2010)

time: Tue Jan 12 00:02:37 2021
timezone: Temps universel coordonné
elapsed time: 385 seconds (0d 0h 6m 25s)

