#
# There is insufficient memory for the Java Runtime Environment to continue.
# Native memory allocation (malloc) failed to allocate 1039616 bytes for Chunk::new
# Possible reasons:
#   The system is out of physical RAM or swap space
#   The process is running with CompressedOops enabled, and the Java Heap may be blocking the growth of the native heap
# Possible solutions:
#   Reduce memory load on the system
#   Increase physical memory or swap space
#   Check if swap backing store is full
#   Decrease Java heap size (-Xmx/-Xms)
#   Decrease number of Java threads
#   Decrease Java thread stack sizes (-Xss)
#   Set larger code cache with -XX:ReservedCodeCacheSize=
#   JVM is running with Unscaled Compressed Oops mode in which the Java heap is
#     placed in the first 4GB address space. The Java Heap base address is the
#     maximum limit for the native heap growth. Please use -XX:HeapBaseMinAddress
#     to set the Java Heap base and to place the Java Heap above 4GB virtual address.
# This output file may be truncated or incomplete.
#
#  Out of Memory Error (allocation.cpp:389), pid=3656, tid=0x0000000000001758
#
# JRE version: OpenJDK Runtime Environment (8.0_242-b01) (build 1.8.0_242-release-1644-b01)
# Java VM: OpenJDK 64-Bit Server VM (25.242-b01 mixed mode windows-amd64 compressed oops)
# Failed to write core dump. Minidumps are not enabled by default on client versions of Windows
#

---------------  T H R E A D  ---------------

Current thread (0x0000000017f39000):  JavaThread "C2 CompilerThread1" daemon [_thread_in_native, id=5976, stack(0x00000000196a0000,0x00000000197a0000)]

Stack: [0x00000000196a0000,0x00000000197a0000]
[error occurred during error reporting (printing stack bounds), id 0xc0000005]

Native frames: (J=compiled Java code, j=interpreted, Vv=VM code, C=native code)


Current CompileTask:
C2: 157312 13480       4       com.android.tools.r8.ir.conversion.o::a (1157 bytes)


---------------  P R O C E S S  ---------------

Java Threads: ( => current thread )
  0x0000000021384000 JavaThread "WorkerExecutor Queue Thread 5" [_thread_in_native, id=10104, stack(0x0000000027b20000,0x0000000027c20000)]
  0x000000002138a000 JavaThread "WorkerExecutor Queue Thread 4" [_thread_in_Java, id=5480, stack(0x0000000027a20000,0x0000000027b20000)]
  0x0000000021382800 JavaThread "WorkerExecutor Queue Thread 2" [_thread_blocked, id=9088, stack(0x0000000027820000,0x0000000027920000)]
  0x0000000021388800 JavaThread "WorkerExecutor Queue" [_thread_in_native, id=11048, stack(0x0000000027720000,0x0000000027820000)]
  0x0000000021385800 JavaThread "Cache worker for execution history cache (E:\Android_project\SignalAppscmdParflorent\.gradle\6.1.1\executionHistory)" [_thread_blocked, id=588, stack(0x0000000027420000,0x0000000027520000)]
  0x0000000017f32000 JavaThread "Execution worker for ':' Thread 3" [_thread_blocked, id=13076, stack(0x0000000027320000,0x0000000027420000)]
  0x0000000017f38000 JavaThread "Execution worker for ':' Thread 2" [_thread_blocked, id=11572, stack(0x0000000027220000,0x0000000027320000)]
  0x0000000017f33800 JavaThread "Execution worker for ':'" [_thread_blocked, id=9184, stack(0x0000000027120000,0x0000000027220000)]
  0x0000000017f37800 JavaThread "Cache worker for file content cache (E:\Android_project\SignalAppscmdParflorent\.gradle\6.1.1\fileContent)" [_thread_blocked, id=4604, stack(0x00000000257a0000,0x00000000258a0000)]
  0x000000001a9f5800 JavaThread "Cache worker for file content cache (C:\Users\homaw\.gradle\caches\6.1.1\fileContent)" [_thread_blocked, id=6840, stack(0x00000000256a0000,0x00000000257a0000)]
  0x000000001a9f2800 JavaThread "Memory manager" [_thread_blocked, id=3880, stack(0x00000000255a0000,0x00000000256a0000)]
  0x000000001a9f1000 JavaThread "Cache worker for Build Output Cleanup Cache (E:\Android_project\SignalAppscmdParflorent\.gradle\buildOutputCleanup)" [_thread_blocked, id=5208, stack(0x00000000242a0000,0x00000000243a0000)]
  0x000000001a9e7000 JavaThread "Build operations Thread 4" [_thread_blocked, id=13260, stack(0x00000000229a0000,0x0000000022aa0000)]
  0x000000001a9ee000 JavaThread "Build operations Thread 3" [_thread_blocked, id=10380, stack(0x00000000228a0000,0x00000000229a0000)]
  0x000000001a9ec800 JavaThread "Build operations Thread 2" [_thread_blocked, id=10324, stack(0x00000000227a0000,0x00000000228a0000)]
  0x000000001a9ea000 JavaThread "Build operations" [_thread_blocked, id=8516, stack(0x0000000022410000,0x0000000022510000)]
  0x000000001a9ed000 JavaThread "Cache worker for cache directory md-rule (C:\Users\homaw\.gradle\caches\6.1.1\md-rule)" [_thread_blocked, id=3604, stack(0x0000000022310000,0x0000000022410000)]
  0x000000001a9eb800 JavaThread "Cache worker for cache directory md-supplier (C:\Users\homaw\.gradle\caches\6.1.1\md-supplier)" [_thread_blocked, id=9932, stack(0x0000000021510000,0x0000000021610000)]
  0x000000001d191000 JavaThread "Cache worker for file hash cache (E:\Android_project\SignalAppscmdParflorent\.gradle\6.1.1\fileHashes)" [_thread_blocked, id=1552, stack(0x00000000201f0000,0x00000000202f0000)]
  0x000000001d190800 JavaThread "Cache worker for checksums cache (E:\Android_project\SignalAppscmdParflorent\.gradle\checksums)" [_thread_blocked, id=9304, stack(0x000000001c880000,0x000000001c980000)]
  0x000000001d195000 JavaThread "Thread-28" [_thread_blocked, id=6196, stack(0x000000001c580000,0x000000001c680000)]
  0x000000001d193800 JavaThread "Stdin handler" [_thread_blocked, id=2812, stack(0x000000001c480000,0x000000001c580000)]
  0x000000001d194000 JavaThread "Asynchronous log dispatcher for DefaultDaemonConnection: socket connection from /127.0.0.1:29540 to /127.0.0.1:29546" [_thread_blocked, id=4360, stack(0x000000001c180000,0x000000001c280000)]
  0x000000001d18c000 JavaThread "Daemon worker Thread 2" [_thread_blocked, id=10916, stack(0x000000001c080000,0x000000001c180000)]
  0x000000001d192800 JavaThread "Cancel handler" [_thread_blocked, id=1168, stack(0x0000000001600000,0x0000000001700000)]
  0x000000001d192000 JavaThread "Handler for socket connection from /127.0.0.1:29540 to /127.0.0.1:29546" [_thread_in_native, id=7008, stack(0x0000000001500000,0x0000000001600000)]
  0x000000001d18f000 JavaThread "Daemon Thread 2" [_thread_blocked, id=1708, stack(0x0000000001400000,0x0000000001500000)]
  0x000000001a9e9800 JavaThread "Cache worker for execution history cache (C:\Users\homaw\.gradle\caches\6.1.1\executionHistory)" [_thread_blocked, id=13228, stack(0x0000000021810000,0x0000000021910000)]
  0x000000001a9e8000 JavaThread "Cache worker for file hash cache (C:\Users\homaw\.gradle\caches\6.1.1\fileHashes)" [_thread_blocked, id=12640, stack(0x000000001dd50000,0x000000001de50000)]
  0x000000001a9eb000 JavaThread "File lock request listener" [_thread_in_native, id=5172, stack(0x000000001dc50000,0x000000001dd50000)]
  0x000000001a9ee800 JavaThread "Cache worker for journal cache (C:\Users\homaw\.gradle\caches\journal-1)" [_thread_blocked, id=10124, stack(0x000000001db50000,0x000000001dc50000)]
  0x0000000017f36000 JavaThread "Daemon periodic checks" [_thread_blocked, id=10944, stack(0x000000001bf80000,0x000000001c080000)]
  0x0000000017f35000 JavaThread "Incoming local TCP Connector on port 29540" [_thread_in_native, id=8208, stack(0x0000000019fa0000,0x000000001a0a0000)]
  0x0000000017f36800 JavaThread "Daemon health stats" [_thread_blocked, id=2200, stack(0x0000000019ea0000,0x0000000019fa0000)]
  0x00000000198db000 JavaThread "Service Thread" daemon [_thread_blocked, id=6816, stack(0x0000000019ca0000,0x0000000019da0000)]
  0x0000000017f34800 JavaThread "C1 CompilerThread2" daemon [_thread_blocked, id=7648, stack(0x00000000197a0000,0x00000000198a0000)]
=>0x0000000017f39000 JavaThread "C2 CompilerThread1" daemon [_thread_in_native, id=5976, stack(0x00000000196a0000,0x00000000197a0000)]
  0x0000000017f27800 JavaThread "C2 CompilerThread0" daemon [_thread_in_native, id=11396, stack(0x00000000195a0000,0x00000000196a0000)]
  0x0000000017f25000 JavaThread "Attach Listener" daemon [_thread_blocked, id=11416, stack(0x00000000194a0000,0x00000000195a0000)]
  0x0000000017f20800 JavaThread "Signal Dispatcher" daemon [_thread_blocked, id=4424, stack(0x00000000193a0000,0x00000000194a0000)]
  0x00000000032fa000 JavaThread "Finalizer" daemon [_thread_blocked, id=5644, stack(0x0000000019170000,0x0000000019270000)]
  0x00000000032f1000 JavaThread "Reference Handler" daemon [_thread_blocked, id=12780, stack(0x0000000019070000,0x0000000019170000)]
  0x00000000030fe000 JavaThread "main" [_thread_blocked, id=5116, stack(0x0000000003100000,0x0000000003200000)]

Other Threads:
  0x0000000017ee6800 VMThread [stack: 0x0000000018f70000,0x0000000019070000] [id=1420]
  0x00000000198db800 WatcherThread [stack: 0x0000000019da0000,0x0000000019ea0000] [id=2192]

VM state:not at safepoint (normal execution)

VM Mutex/Monitor currently owned by a thread: None

heap address: 0x0000000080000000, size: 2048 MB, Compressed Oops mode: 32-bit
Narrow klass base: 0x0000000000000000, Narrow klass shift: 3
Compressed class space size: 1073741824 Address: 0x0000000100000000

Heap:
 PSYoungGen      total 351744K, used 255030K [0x00000000d5580000, 0x00000000f2580000, 0x0000000100000000)
  eden space 325632K, 70% used [0x00000000d5580000,0x00000000e3515688,0x00000000e9380000)
  from space 26112K, 99% used [0x00000000e9380000,0x00000000eacf8508,0x00000000ead00000)
  to   space 32768K, 0% used [0x00000000f0580000,0x00000000f0580000,0x00000000f2580000)
 ParOldGen       total 82432K, used 65607K [0x0000000080000000, 0x0000000085080000, 0x00000000d5580000)
  object space 82432K, 79% used [0x0000000080000000,0x0000000084011db8,0x0000000085080000)
 Metaspace       used 88335K, capacity 93018K, committed 93224K, reserved 1130496K
  class space    used 11834K, capacity 12754K, committed 12840K, reserved 1048576K

Card table byte_map: [0x00000000126c0000,0x0000000012ad0000] byte_map_base: 0x00000000122c0000

Marking Bits: (ParMarkBitMap*) 0x000000007585f030
 Begin Bits: [0x0000000013180000, 0x0000000015180000)
 End Bits:   [0x0000000015180000, 0x0000000017180000)

Polling page: 0x0000000001760000

CodeCache: size=245760Kb used=39726Kb max_used=40073Kb free=206033Kb
 bounds [0x0000000003300000, 0x0000000005a50000, 0x0000000012300000]
 total_blobs=12801 nmethods=11963 adapters=751
 compilation: enabled

Compilation events (10 events):
Event: 156.643 Thread 0x0000000017f34800 nmethod 13881 0x0000000005a436d0 code [0x0000000005a43840, 0x0000000005a43a68]
Event: 156.643 Thread 0x0000000017f34800 13883       2       com.android.tools.r8.graph.Q::hashCode (8 bytes)
Event: 156.644 Thread 0x0000000017f34800 nmethod 13883 0x0000000005a43b50 code [0x0000000005a43cc0, 0x0000000005a43e28]
Event: 156.644 Thread 0x0000000017f34800 13884       2       com.android.tools.r8.graph.E::collectIndexedItems (186 bytes)
Event: 156.646 Thread 0x0000000017f34800 nmethod 13884 0x0000000005a43ed0 code [0x0000000005a440c0, 0x0000000005a446b8]
Event: 156.646 Thread 0x0000000017f34800 13885       2       com.android.tools.r8.dex.P$g::getRenamedName (37 bytes)
Event: 156.647 Thread 0x0000000017f34800 nmethod 13885 0x0000000005a44d50 code [0x0000000005a44ec0, 0x0000000005a45048]
Event: 156.647 Thread 0x0000000017f34800 13886       2       com.android.tools.r8.graph.T::collectIndexedItems (48 bytes)
Event: 156.648 Thread 0x0000000017f34800 nmethod 13886 0x0000000005a450d0 code [0x0000000005a45260, 0x0000000005a455b8]
Event: 156.648 Thread 0x0000000017f34800 13887       2       com.android.tools.r8.graph.V::collectIndexedItems (8 bytes)

GC Heap History (10 events):
Event: 29.922 GC heap before
{Heap before GC invocations=14 (full 2):
 PSYoungGen      total 207360K, used 181935K [0x00000000d5580000, 0x00000000e7a80000, 0x0000000100000000)
  eden space 194048K, 86% used [0x00000000d5580000,0x00000000dfa31ad0,0x00000000e1300000)
  from space 13312K, 99% used [0x00000000e1300000,0x00000000e1ffa280,0x00000000e2000000)
  to   space 17920K, 0% used [0x00000000e6900000,0x00000000e6900000,0x00000000e7a80000)
 ParOldGen       total 47104K, used 24777K [0x0000000080000000, 0x0000000082e00000, 0x00000000d5580000)
  object space 47104K, 52% used [0x0000000080000000,0x0000000081832590,0x0000000082e00000)
 Metaspace       used 56930K, capacity 59092K, committed 59160K, reserved 1099776K
  class space    used 7805K, capacity 8329K, committed 8360K, reserved 1048576K
Event: 29.964 GC heap after
Heap after GC invocations=14 (full 2):
 PSYoungGen      total 272896K, used 15757K [0x00000000d5580000, 0x00000000e7880000, 0x0000000100000000)
  eden space 257024K, 0% used [0x00000000d5580000,0x00000000d5580000,0x00000000e5080000)
  from space 15872K, 99% used [0x00000000e6900000,0x00000000e78636c0,0x00000000e7880000)
  to   space 19968K, 0% used [0x00000000e5180000,0x00000000e5180000,0x00000000e6500000)
 ParOldGen       total 47104K, used 34866K [0x0000000080000000, 0x0000000082e00000, 0x00000000d5580000)
  object space 47104K, 74% used [0x0000000080000000,0x000000008220cb00,0x0000000082e00000)
 Metaspace       used 56930K, capacity 59092K, committed 59160K, reserved 1099776K
  class space    used 7805K, capacity 8329K, committed 8360K, reserved 1048576K
}
Event: 29.964 GC heap before
{Heap before GC invocations=15 (full 3):
 PSYoungGen      total 272896K, used 15757K [0x00000000d5580000, 0x00000000e7880000, 0x0000000100000000)
  eden space 257024K, 0% used [0x00000000d5580000,0x00000000d5580000,0x00000000e5080000)
  from space 15872K, 99% used [0x00000000e6900000,0x00000000e78636c0,0x00000000e7880000)
  to   space 19968K, 0% used [0x00000000e5180000,0x00000000e5180000,0x00000000e6500000)
 ParOldGen       total 47104K, used 34866K [0x0000000080000000, 0x0000000082e00000, 0x00000000d5580000)
  object space 47104K, 74% used [0x0000000080000000,0x000000008220cb00,0x0000000082e00000)
 Metaspace       used 56930K, capacity 59092K, committed 59160K, reserved 1099776K
  class space    used 7805K, capacity 8329K, committed 8360K, reserved 1048576K
Event: 30.431 GC heap after
Heap after GC invocations=15 (full 3):
 PSYoungGen      total 272896K, used 0K [0x00000000d5580000, 0x00000000e7880000, 0x0000000100000000)
  eden space 257024K, 0% used [0x00000000d5580000,0x00000000d5580000,0x00000000e5080000)
  from space 15872K, 0% used [0x00000000e6900000,0x00000000e6900000,0x00000000e7880000)
  to   space 19968K, 0% used [0x00000000e5180000,0x00000000e5180000,0x00000000e6500000)
 ParOldGen       total 82432K, used 40586K [0x0000000080000000, 0x0000000085080000, 0x00000000d5580000)
  object space 82432K, 49% used [0x0000000080000000,0x00000000827a2bd0,0x0000000085080000)
 Metaspace       used 56926K, capacity 59080K, committed 59160K, reserved 1099776K
  class space    used 7804K, capacity 8327K, committed 8360K, reserved 1048576K
}
Event: 42.742 GC heap before
{Heap before GC invocations=16 (full 3):
 PSYoungGen      total 272896K, used 257024K [0x00000000d5580000, 0x00000000e7880000, 0x0000000100000000)
  eden space 257024K, 100% used [0x00000000d5580000,0x00000000e5080000,0x00000000e5080000)
  from space 15872K, 0% used [0x00000000e6900000,0x00000000e6900000,0x00000000e7880000)
  to   space 19968K, 0% used [0x00000000e5180000,0x00000000e5180000,0x00000000e6500000)
 ParOldGen       total 82432K, used 40586K [0x0000000080000000, 0x0000000085080000, 0x00000000d5580000)
  object space 82432K, 49% used [0x0000000080000000,0x00000000827a2bd0,0x0000000085080000)
 Metaspace       used 68918K, capacity 71992K, committed 72104K, reserved 1112064K
  class space    used 9512K, capacity 10146K, committed 10152K, reserved 1048576K
Event: 42.783 GC heap after
Heap after GC invocations=16 (full 3):
 PSYoungGen      total 278016K, used 19957K [0x00000000d5580000, 0x00000000ec580000, 0x0000000100000000)
  eden space 258048K, 0% used [0x00000000d5580000,0x00000000d5580000,0x00000000e5180000)
  from space 19968K, 99% used [0x00000000e5180000,0x00000000e64fd528,0x00000000e6500000)
  to   space 24576K, 0% used [0x00000000ead80000,0x00000000ead80000,0x00000000ec580000)
 ParOldGen       total 82432K, used 43840K [0x0000000080000000, 0x0000000085080000, 0x00000000d5580000)
  object space 82432K, 53% used [0x0000000080000000,0x0000000082ad01c0,0x0000000085080000)
 Metaspace       used 68918K, capacity 71992K, committed 72104K, reserved 1112064K
  class space    used 9512K, capacity 10146K, committed 10152K, reserved 1048576K
}
Event: 135.223 GC heap before
{Heap before GC invocations=17 (full 3):
 PSYoungGen      total 278016K, used 278005K [0x00000000d5580000, 0x00000000ec580000, 0x0000000100000000)
  eden space 258048K, 100% used [0x00000000d5580000,0x00000000e5180000,0x00000000e5180000)
  from space 19968K, 99% used [0x00000000e5180000,0x00000000e64fd528,0x00000000e6500000)
  to   space 24576K, 0% used [0x00000000ead80000,0x00000000ead80000,0x00000000ec580000)
 ParOldGen       total 82432K, used 43840K [0x0000000080000000, 0x0000000085080000, 0x00000000d5580000)
  object space 82432K, 53% used [0x0000000080000000,0x0000000082ad01c0,0x0000000085080000)
 Metaspace       used 77387K, capacity 80822K, committed 81064K, reserved 1120256K
  class space    used 10351K, capacity 11068K, committed 11176K, reserved 1048576K
Event: 136.515 GC heap after
Heap after GC invocations=17 (full 3):
 PSYoungGen      total 350208K, used 18741K [0x00000000d5580000, 0x00000000ec680000, 0x0000000100000000)
  eden space 325632K, 0% used [0x00000000d5580000,0x00000000d5580000,0x00000000e9380000)
  from space 24576K, 76% used [0x00000000ead80000,0x00000000ebfcd678,0x00000000ec580000)
  to   space 26112K, 0% used [0x00000000e9380000,0x00000000e9380000,0x00000000ead00000)
 ParOldGen       total 82432K, used 58708K [0x0000000080000000, 0x0000000085080000, 0x00000000d5580000)
  object space 82432K, 71% used [0x0000000080000000,0x0000000083955280,0x0000000085080000)
 Metaspace       used 77387K, capacity 80822K, committed 81064K, reserved 1120256K
  class space    used 10351K, capacity 11068K, committed 11176K, reserved 1048576K
}
Event: 149.045 GC heap before
{Heap before GC invocations=18 (full 3):
 PSYoungGen      total 350208K, used 344373K [0x00000000d5580000, 0x00000000ec680000, 0x0000000100000000)
  eden space 325632K, 100% used [0x00000000d5580000,0x00000000e9380000,0x00000000e9380000)
  from space 24576K, 76% used [0x00000000ead80000,0x00000000ebfcd678,0x00000000ec580000)
  to   space 26112K, 0% used [0x00000000e9380000,0x00000000e9380000,0x00000000ead00000)
 ParOldGen       total 82432K, used 58708K [0x0000000080000000, 0x0000000085080000, 0x00000000d5580000)
  object space 82432K, 71% used [0x0000000080000000,0x0000000083955280,0x0000000085080000)
 Metaspace       used 79478K, capacity 83170K, committed 83368K, reserved 1122304K
  class space    used 10627K, capacity 11390K, committed 11432K, reserved 1048576K
Event: 149.282 GC heap after
Heap after GC invocations=18 (full 3):
 PSYoungGen      total 351744K, used 26081K [0x00000000d5580000, 0x00000000f2580000, 0x0000000100000000)
  eden space 325632K, 0% used [0x00000000d5580000,0x00000000d5580000,0x00000000e9380000)
  from space 26112K, 99% used [0x00000000e9380000,0x00000000eacf8508,0x00000000ead00000)
  to   space 32768K, 0% used [0x00000000f0580000,0x00000000f0580000,0x00000000f2580000)
 ParOldGen       total 82432K, used 65607K [0x0000000080000000, 0x0000000085080000, 0x00000000d5580000)
  object space 82432K, 79% used [0x0000000080000000,0x0000000084011db8,0x0000000085080000)
 Metaspace       used 79478K, capacity 83170K, committed 83368K, reserved 1122304K
  class space    used 10627K, capacity 11390K, committed 11432K, reserved 1048576K
}

Deoptimization events (10 events):
Event: 154.361 Thread 0x0000000021382800 Uncommon trap: reason=class_check action=maybe_recompile pc=0x00000000057cf780 method=com.android.tools.r8.u.b.o1.a(Lcom/android/tools/r8/ir/analysis/type/u;)Lcom/android/tools/r8/u/b/o1; @ 12
Event: 154.998 Thread 0x0000000021382800 Uncommon trap: reason=unstable_if action=reinterpret pc=0x00000000059054d8 method=com.android.tools.r8.s.a.a.b.t0.b(I[Ljava/lang/Object;)Lcom/android/tools/r8/s/a/a/b/t0; @ 193
Event: 155.026 Thread 0x0000000021382800 Uncommon trap: reason=unstable_if action=reinterpret pc=0x00000000058ffcd4 method=com.android.tools.r8.u.b.m1.X()Z @ 71
Event: 155.052 Thread 0x0000000021382800 Uncommon trap: reason=class_check action=maybe_recompile pc=0x0000000005903b38 method=com.android.tools.r8.v.a.a.a.f.U.equals(Ljava/lang/Object;)Z @ 1
Event: 155.055 Thread 0x0000000021382800 Uncommon trap: reason=unstable_if action=reinterpret pc=0x0000000005903148 method=com.android.tools.r8.ir.conversion.o.b(Lcom/android/tools/r8/r/n/z;)Z @ 25
Event: 156.003 Thread 0x0000000021382800 Uncommon trap: reason=class_check action=maybe_recompile pc=0x0000000005903b38 method=com.android.tools.r8.v.a.a.a.f.U.equals(Ljava/lang/Object;)Z @ 1
Event: 156.107 Thread 0x0000000021382800 Uncommon trap: reason=unstable_if action=reinterpret pc=0x0000000004b87804 method=com.android.tools.r8.graph.e0.a([C)I @ 29
Event: 156.477 Thread 0x0000000021384000 Uncommon trap: reason=array_check action=maybe_recompile pc=0x0000000005362518 method=java.util.TimSort.reverseRange([Ljava/lang/Object;II)V @ 20
Event: 156.478 Thread 0x0000000021384000 Uncommon trap: reason=array_check action=maybe_recompile pc=0x0000000005362518 method=java.util.TimSort.reverseRange([Ljava/lang/Object;II)V @ 20
Event: 156.479 Thread 0x0000000021384000 Uncommon trap: reason=array_check action=maybe_recompile pc=0x000000000541dbe4 method=java.util.TimSort.binarySort([Ljava/lang/Object;IIILjava/util/Comparator;)V @ 215

Classes redefined (0 events):
No events

Internal exceptions (10 events):
Event: 147.003 Thread 0x0000000017f33800 Exception <a 'sun/nio/fs/WindowsException'> (0x00000000e5faba80) thrown at [C:\src\AOSP-openjdk-git\hotspot\src\share\vm\prims\jni.cpp, line 710]
Event: 147.004 Thread 0x0000000017f33800 Exception <a 'sun/nio/fs/WindowsException'> (0x00000000e5fada40) thrown at [C:\src\AOSP-openjdk-git\hotspot\src\share\vm\prims\jni.cpp, line 710]
Event: 147.004 Thread 0x0000000017f33800 Exception <a 'sun/nio/fs/WindowsException'> (0x00000000e5fae710) thrown at [C:\src\AOSP-openjdk-git\hotspot\src\share\vm\prims\jni.cpp, line 710]
Event: 147.004 Thread 0x0000000017f33800 Exception <a 'sun/nio/fs/WindowsException'> (0x00000000e5faf450) thrown at [C:\src\AOSP-openjdk-git\hotspot\src\share\vm\prims\jni.cpp, line 710]
Event: 151.107 Thread 0x0000000017f38000 Exception <a 'java/lang/NoSuchMethodError': <clinit>> (0x00000000d80e2d68) thrown at [C:\src\AOSP-openjdk-git\hotspot\src\share\vm\prims\jni.cpp, line 1615]
Event: 151.200 Thread 0x000000002138a000 Exception <a 'java/lang/NoSuchMethodError': java.lang.Object.lambda$static$0(Ljava/lang/String;)Z> (0x00000000d8480f48) thrown at [C:\src\AOSP-openjdk-git\hotspot\src\share\vm\interpreter\linkResolver.cpp, line 620]
Event: 151.426 Thread 0x0000000021388800 Exception <a 'sun/nio/fs/WindowsException'> (0x00000000d90b06a8) thrown at [C:\src\AOSP-openjdk-git\hotspot\src\share\vm\prims\jni.cpp, line 710]
Event: 151.460 Thread 0x0000000021382800 Exception <a 'sun/nio/fs/WindowsException'> (0x00000000d97c7ba0) thrown at [C:\src\AOSP-openjdk-git\hotspot\src\share\vm\prims\jni.cpp, line 710]
Event: 152.877 Thread 0x0000000021382800 Exception <a 'java/lang/NoSuchMethodError': java.lang.Object.lambda$maxBy$1(Ljava/util/Comparator;Ljava/lang/Object;Ljava/lang/Object;)Ljava/lang/Object;> (0x00000000dcef4588) thrown at [C:\src\AOSP-openjdk-git\hotspot\src\share\vm\interpreter\linkResolve
Event: 152.877 Thread 0x0000000021384000 Exception <a 'java/lang/NoSuchMethodError': java.lang.Object.lambda$maxBy$1(Ljava/util/Comparator;Ljava/lang/Object;Ljava/lang/Object;)Ljava/lang/Object;> (0x00000000dcdc6d48) thrown at [C:\src\AOSP-openjdk-git\hotspot\src\share\vm\interpreter\linkResolve

Events (10 events):
Event: 156.634 loading class com/android/tools/r8/dex/r done
Event: 156.635 loading class com/android/tools/r8/v/a/a/a/h/K$b
Event: 156.635 loading class com/android/tools/r8/v/a/a/a/h/K$b done
Event: 156.636 loading class com/android/tools/r8/v/a/a/a/h/K$f
Event: 156.636 loading class com/android/tools/r8/v/a/a/a/h/K$f done
Event: 156.645 loading class com/android/tools/r8/v/a/a/a/h/F0$c
Event: 156.645 loading class com/android/tools/r8/v/a/a/a/h/F0$c done
Event: 156.647 loading class com/android/tools/r8/v/a/a/a/h/A
Event: 156.647 loading class com/android/tools/r8/v/a/a/a/h/A done
Event: 156.648 Executing VM operation: Deoptimize


Dynamic libraries:
0x00007ff6a26b0000 - 0x00007ff6a26e1000 	D:\Program Files\AndroidStudio\jre\bin\java.exe
0x00007ffcf7cf0000 - 0x00007ffcf7ee6000 	C:\WINDOWS\SYSTEM32\ntdll.dll
0x00007ffcf79c0000 - 0x00007ffcf7a7d000 	C:\WINDOWS\System32\KERNEL32.DLL
0x00007ffcf56e0000 - 0x00007ffcf59a9000 	C:\WINDOWS\System32\KERNELBASE.dll
0x00007ffcf7910000 - 0x00007ffcf79bc000 	C:\WINDOWS\System32\ADVAPI32.dll
0x00007ffcf6050000 - 0x00007ffcf60ee000 	C:\WINDOWS\System32\msvcrt.dll
0x00007ffcf6990000 - 0x00007ffcf6a2c000 	C:\WINDOWS\System32\sechost.dll
0x00007ffcf5d70000 - 0x00007ffcf5e9b000 	C:\WINDOWS\System32\RPCRT4.dll
0x00007ffcf7740000 - 0x00007ffcf78e0000 	C:\WINDOWS\System32\USER32.dll
0x00007ffcf5cd0000 - 0x00007ffcf5cf2000 	C:\WINDOWS\System32\win32u.dll
0x00007ffcf6fc0000 - 0x00007ffcf6fea000 	C:\WINDOWS\System32\GDI32.dll
0x00007ffcf5430000 - 0x00007ffcf5539000 	C:\WINDOWS\System32\gdi32full.dll
0x00007ffcf5540000 - 0x00007ffcf55dd000 	C:\WINDOWS\System32\msvcp_win.dll
0x00007ffcf55e0000 - 0x00007ffcf56e0000 	C:\WINDOWS\System32\ucrtbase.dll
0x00007ffcdb300000 - 0x00007ffcdb59b000 	C:\WINDOWS\WinSxS\amd64_microsoft.windows.common-controls_6595b64144ccf1df_6.0.19041.488_none_ca04af081b815d21\COMCTL32.dll
0x00007ffcf78e0000 - 0x00007ffcf7910000 	C:\WINDOWS\System32\IMM32.DLL
0x0000000074ed0000 - 0x0000000074fa2000 	D:\Program Files\AndroidStudio\jre\jre\bin\msvcr100.dll
0x0000000075090000 - 0x00000000758db000 	D:\Program Files\AndroidStudio\jre\jre\bin\server\jvm.dll
0x00007ffcf6040000 - 0x00007ffcf6048000 	C:\WINDOWS\System32\PSAPI.DLL
0x00007ffcd2600000 - 0x00007ffcd2609000 	C:\WINDOWS\SYSTEM32\WSOCK32.dll
0x00007ffce02a0000 - 0x00007ffce02c7000 	C:\WINDOWS\SYSTEM32\WINMM.dll
0x00007ffce6350000 - 0x00007ffce635a000 	C:\WINDOWS\SYSTEM32\VERSION.dll
0x00007ffcf6920000 - 0x00007ffcf698b000 	C:\WINDOWS\System32\WS2_32.dll
0x00007ffcf2a60000 - 0x00007ffcf2a6f000 	D:\Program Files\AndroidStudio\jre\jre\bin\verify.dll
0x00007ffcdf6d0000 - 0x00007ffcdf6f9000 	D:\Program Files\AndroidStudio\jre\jre\bin\java.dll
0x00007ffcdf6b0000 - 0x00007ffcdf6c6000 	D:\Program Files\AndroidStudio\jre\jre\bin\zip.dll
0x00007ffcf6ff0000 - 0x00007ffcf7732000 	C:\WINDOWS\System32\SHELL32.dll
0x00007ffcf3580000 - 0x00007ffcf3d15000 	C:\WINDOWS\SYSTEM32\windows.storage.dll
0x00007ffcf6c60000 - 0x00007ffcf6fb6000 	C:\WINDOWS\System32\combase.dll
0x00007ffcf4e30000 - 0x00007ffcf4e5c000 	C:\WINDOWS\SYSTEM32\Wldp.dll
0x00007ffcf61b0000 - 0x00007ffcf625e000 	C:\WINDOWS\System32\SHCORE.dll
0x00007ffcf60f0000 - 0x00007ffcf6145000 	C:\WINDOWS\System32\shlwapi.dll
0x00007ffcf5360000 - 0x00007ffcf5386000 	C:\WINDOWS\SYSTEM32\profapi.dll
0x00007ffcdf690000 - 0x00007ffcdf6aa000 	D:\Program Files\AndroidStudio\jre\jre\bin\net.dll
0x00007ffcf4bb0000 - 0x00007ffcf4c1a000 	C:\WINDOWS\system32\mswsock.dll
0x00007ffcd68b0000 - 0x00007ffcd68c3000 	D:\Program Files\AndroidStudio\jre\jre\bin\nio.dll
0x00007ffcca150000 - 0x00007ffcca176000 	C:\Users\homaw\.gradle\native\31\windows-amd64\native-platform.dll
0x00007ffcdd300000 - 0x00007ffcdd30d000 	D:\Program Files\AndroidStudio\jre\jre\bin\management.dll
0x00007ffcf4d80000 - 0x00007ffcf4d98000 	C:\WINDOWS\SYSTEM32\CRYPTSP.dll
0x00007ffcf44e0000 - 0x00007ffcf4514000 	C:\WINDOWS\system32\rsaenh.dll
0x00007ffcf5ca0000 - 0x00007ffcf5cc7000 	C:\WINDOWS\System32\bcrypt.dll
0x00007ffcf5320000 - 0x00007ffcf534e000 	C:\WINDOWS\SYSTEM32\USERENV.dll
0x00007ffcf5ac0000 - 0x00007ffcf5b40000 	C:\WINDOWS\System32\bcryptprimitives.dll
0x00007ffcf4da0000 - 0x00007ffcf4dac000 	C:\WINDOWS\SYSTEM32\CRYPTBASE.dll
0x00007ffcf4840000 - 0x00007ffcf487b000 	C:\WINDOWS\SYSTEM32\IPHLPAPI.DLL
0x00007ffcf6030000 - 0x00007ffcf6038000 	C:\WINDOWS\System32\NSI.dll
0x00007ffce7e30000 - 0x00007ffce7e47000 	C:\WINDOWS\SYSTEM32\dhcpcsvc6.DLL
0x00007ffce7d90000 - 0x00007ffce7dad000 	C:\WINDOWS\SYSTEM32\dhcpcsvc.DLL
0x00007ffcf48e0000 - 0x00007ffcf49ab000 	C:\WINDOWS\SYSTEM32\DNSAPI.dll

VM Arguments:
jvm_args: -Xmx2048m -Dfile.encoding=windows-1252 -Duser.country=FR -Duser.language=fr -Duser.variant 
java_command: org.gradle.launcher.daemon.bootstrap.GradleDaemon 6.1.1
java_class_path (initial): C:\Users\homaw\.gradle\wrapper\dists\gradle-6.1.1-all\cfmwm155h49vnt3hynmlrsdst\gradle-6.1.1\lib\gradle-launcher-6.1.1.jar
Launcher Type: SUN_STANDARD

Environment Variables:
PATH=C:\Windows\System32;C:\Windows;C:\Windows\System32\wbem;C:\Windows\System32\WindowsPowerShell\v1.0\;C:\Windows\System32\OpenSSH\;C:\Program Files\Inkscape\bin;C:\SD\Program Files\nodejs\;C:\Program Files\Git\cmd;D:\Program Files\Git\cmd;C:\Program Files\dotnet\;D:\Program Files\Python\Scripts\;D:\Program Files\Python\;C:\Users\homaw\AppData\Local\Microsoft\WindowsApps;D:\Program Files\Microsoft VS Code\bin;D:\Program Files\java jdk\bin;D:\Program Files\ffmpeg\bin;D:\Program Files\gcc\bin;D:\Program Files\GnuWin32\bin;D:\Program Files\PyCharm Community Edition 2019.3.1\bin;D:\Program Files\Nmap;D:\Program Files\IntelliJ IDEA Community Edition 2020.1.2\bin;D:\Program Files\Git\bin;D:\Serveur\mysql\bin;D:\Program Files\Inno Setup 6;D:\Program Files\Git\bin;C:\Users\homaw\AppData\Roaming\npm;D:\Program Files\Sublime Text 3;C:\Users\homaw\AppData\Local\GitHubDesktop\bin
USERNAME=homaw
OS=Windows_NT
PROCESSOR_IDENTIFIER=Intel64 Family 6 Model 142 Stepping 9, GenuineIntel



---------------  S Y S T E M  ---------------

OS: Windows 10.0 , 64 bit Build 19041 (10.0.19041.662)

CPU:total 4 (initial active 4) (2 cores per cpu, 2 threads per core) family 6 model 142 stepping 9, cmov, cx8, fxsr, mmx, sse, sse2, sse3, ssse3, sse4.1, sse4.2, popcnt, aes, clmul, erms, 3dnowpref, lzcnt, ht, tsc, tscinvbit

Memory: 4k page, physical 4076004k(316212k free), swap 9225984k(5136k free)

vm_info: OpenJDK 64-Bit Server VM (25.242-b01) for windows-amd64 JRE (1.8.0_242-release-1644-b01), built by "builder" with MS VC++ 10.0 (VS2010)

time: Wed Dec 30 21:44:24 2020
timezone: Temps universel coordonné
elapsed time: 157 seconds (0d 0h 2m 37s)

