#
# There is insufficient memory for the Java Runtime Environment to continue.
# Native memory allocation (malloc) failed to allocate 942976 bytes for Chunk::new
# Possible reasons:
#   The system is out of physical RAM or swap space
#   The process is running with CompressedOops enabled, and the Java Heap may be blocking the growth of the native heap
# Possible solutions:
#   Reduce memory load on the system
#   Increase physical memory or swap space
#   Check if swap backing store is full
#   Decrease Java heap size (-Xmx/-Xms)
#   Decrease number of Java threads
#   Decrease Java thread stack sizes (-Xss)
#   Set larger code cache with -XX:ReservedCodeCacheSize=
#   JVM is running with Unscaled Compressed Oops mode in which the Java heap is
#     placed in the first 4GB address space. The Java Heap base address is the
#     maximum limit for the native heap growth. Please use -XX:HeapBaseMinAddress
#     to set the Java Heap base and to place the Java Heap above 4GB virtual address.
# This output file may be truncated or incomplete.
#
#  Out of Memory Error (allocation.cpp:389), pid=11004, tid=0x00000000000039e0
#
# JRE version: OpenJDK Runtime Environment (8.0_242-b01) (build 1.8.0_242-release-1644-b01)
# Java VM: OpenJDK 64-Bit Server VM (25.242-b01 mixed mode windows-amd64 compressed oops)
# Failed to write core dump. Minidumps are not enabled by default on client versions of Windows
#

---------------  T H R E A D  ---------------

Current thread (0x0000000017e98000):  JavaThread "C2 CompilerThread0" daemon [_thread_in_native, id=14816, stack(0x0000000019520000,0x0000000019620000)]

Stack: [0x0000000019520000,0x0000000019620000]
[error occurred during error reporting (printing stack bounds), id 0xc0000005]

Native frames: (J=compiled Java code, j=interpreted, Vv=VM code, C=native code)


Current CompileTask:
C2: 315839 21045       4       org.gradle.api.internal.artifacts.transform.AttributeMatchingVariantSelector::doSelect (422 bytes)


---------------  P R O C E S S  ---------------

Java Threads: ( => current thread )
  0x000000001a3a3000 JavaThread "Cache worker for Java compile cache (E:\Android_project\SignalAppscmdParflorent\.gradle\6.1.1\javaCompile)" [_thread_blocked, id=4184, stack(0x0000000026f90000,0x0000000027090000)]
  0x000000001a3aa000 JavaThread "Cache worker for execution history cache (E:\Android_project\SignalAppscmdParflorent\.gradle\6.1.1\executionHistory)" [_thread_blocked, id=10896, stack(0x0000000026c90000,0x0000000026d90000)]
  0x000000001a3a8800 JavaThread "Execution worker for ':' Thread 3" [_thread_blocked, id=16520, stack(0x00000000259c0000,0x0000000025ac0000)]
  0x000000001a3a6000 JavaThread "Execution worker for ':' Thread 2" [_thread_in_native, id=12424, stack(0x00000000256c0000,0x00000000257c0000)]
  0x000000001a3a5000 JavaThread "Execution worker for ':'" [_thread_blocked, id=14992, stack(0x0000000023ff0000,0x00000000240f0000)]
  0x000000002065f000 JavaThread "Cache worker for file content cache (E:\Android_project\SignalAppscmdParflorent\.gradle\6.1.1\fileContent)" [_thread_blocked, id=12204, stack(0x00000000230d0000,0x00000000231d0000)]
  0x000000002065e000 JavaThread "Cache worker for Build Output Cleanup Cache (E:\Android_project\SignalAppscmdParflorent\.gradle\buildOutputCleanup)" [_thread_blocked, id=6776, stack(0x00000000229d0000,0x0000000022ad0000)]
  0x000000002065d800 JavaThread "Build operations Thread 4" [_thread_blocked, id=3784, stack(0x00000000226a0000,0x00000000227a0000)]
  0x000000002065b000 JavaThread "Build operations Thread 3" [_thread_blocked, id=7868, stack(0x00000000225a0000,0x00000000226a0000)]
  0x000000002065c800 JavaThread "Build operations Thread 2" [_thread_blocked, id=16940, stack(0x0000000021a50000,0x0000000021b50000)]
  0x000000002065a800 JavaThread "Build operations" [_thread_blocked, id=7448, stack(0x0000000021950000,0x0000000021a50000)]
  0x0000000020659800 JavaThread "Cache worker for cache directory md-rule (C:\Users\homaw\.gradle\caches\6.1.1\md-rule)" [_thread_blocked, id=16592, stack(0x0000000021850000,0x0000000021950000)]
  0x0000000020652000 JavaThread "Cache worker for cache directory md-supplier (C:\Users\homaw\.gradle\caches\6.1.1\md-supplier)" [_thread_blocked, id=15140, stack(0x0000000021450000,0x0000000021550000)]
  0x0000000020659000 JavaThread "Cache worker for file hash cache (E:\Android_project\SignalAppscmdParflorent\.gradle\6.1.1\fileHashes)" [_thread_blocked, id=16052, stack(0x0000000021350000,0x0000000021450000)]
  0x0000000020657800 JavaThread "Cache worker for checksums cache (E:\Android_project\SignalAppscmdParflorent\.gradle\checksums)" [_thread_blocked, id=16772, stack(0x000000001d770000,0x000000001d870000)]
  0x0000000020658000 JavaThread "Thread-42" [_thread_blocked, id=2520, stack(0x000000001d670000,0x000000001d770000)]
  0x0000000020656800 JavaThread "Stdin handler" [_thread_blocked, id=15232, stack(0x000000001d570000,0x000000001d670000)]
  0x0000000020653000 JavaThread "Asynchronous log dispatcher for DefaultDaemonConnection: socket connection from /127.0.0.1:14509 to /127.0.0.1:14548" [_thread_blocked, id=9040, stack(0x000000001d470000,0x000000001d570000)]
  0x0000000020653800 JavaThread "Daemon worker Thread 2" [_thread_blocked, id=17368, stack(0x000000001d370000,0x000000001d470000)]
  0x0000000020656000 JavaThread "Cancel handler" [_thread_blocked, id=6260, stack(0x000000001d070000,0x000000001d170000)]
  0x0000000020651800 JavaThread "Handler for socket connection from /127.0.0.1:14509 to /127.0.0.1:14548" [_thread_in_native, id=15812, stack(0x000000001cf70000,0x000000001d070000)]
  0x0000000020654800 JavaThread "Daemon Thread 2" [_thread_blocked, id=10752, stack(0x0000000001680000,0x0000000001780000)]
  0x000000001bbdf800 JavaThread "Cache worker for Java compile cache (C:\Users\homaw\.gradle\caches\6.1.1\javaCompile)" [_thread_blocked, id=16664, stack(0x00000000277a0000,0x00000000278a0000)]
  0x000000001a3ab800 JavaThread "Cache worker for file content cache (C:\Users\homaw\.gradle\caches\6.1.1\fileContent)" [_thread_blocked, id=11536, stack(0x0000000023ef0000,0x0000000023ff0000)]
  0x000000001a3a3800 JavaThread "Memory manager" [_thread_blocked, id=15376, stack(0x0000000023bd0000,0x0000000023cd0000)]
  0x000000001b031800 JavaThread "Cache worker for execution history cache (C:\Users\homaw\.gradle\caches\6.1.1\executionHistory)" [_thread_blocked, id=13888, stack(0x0000000021550000,0x0000000021650000)]
  0x000000001b02c000 JavaThread "Cache worker for file hash cache (C:\Users\homaw\.gradle\caches\6.1.1\fileHashes)" [_thread_blocked, id=11860, stack(0x000000001dc70000,0x000000001dd70000)]
  0x000000001b033000 JavaThread "File lock request listener" [_thread_in_native, id=16448, stack(0x000000001db70000,0x000000001dc70000)]
  0x000000001a35a800 JavaThread "Cache worker for journal cache (C:\Users\homaw\.gradle\caches\journal-1)" [_thread_blocked, id=8276, stack(0x000000001da70000,0x000000001db70000)]
  0x000000001b9fc000 JavaThread "Daemon periodic checks" [_thread_blocked, id=16612, stack(0x000000001ce70000,0x000000001cf70000)]
  0x000000001b9fa800 JavaThread "Incoming local TCP Connector on port 14509" [_thread_in_native, id=12768, stack(0x000000001cc00000,0x000000001cd00000)]
  0x000000001b9bd800 JavaThread "Daemon health stats" [_thread_blocked, id=15968, stack(0x000000001c5c0000,0x000000001c6c0000)]
  0x0000000019850800 JavaThread "Service Thread" daemon [_thread_blocked, id=11036, stack(0x0000000019c20000,0x0000000019d20000)]
  0x0000000017ea5000 JavaThread "C1 CompilerThread2" daemon [_thread_in_vm, id=11316, stack(0x0000000019720000,0x0000000019820000)]
  0x0000000017e9c000 JavaThread "C2 CompilerThread1" daemon [_thread_in_native, id=8408, stack(0x0000000019620000,0x0000000019720000)]
=>0x0000000017e98000 JavaThread "C2 CompilerThread0" daemon [_thread_in_native, id=14816, stack(0x0000000019520000,0x0000000019620000)]
  0x0000000017e93000 JavaThread "Attach Listener" daemon [_thread_blocked, id=7248, stack(0x0000000019420000,0x0000000019520000)]
  0x0000000017e92000 JavaThread "Signal Dispatcher" daemon [_thread_blocked, id=9316, stack(0x0000000019320000,0x0000000019420000)]
  0x000000000326a000 JavaThread "Finalizer" daemon [_thread_blocked, id=15544, stack(0x00000000190f0000,0x00000000191f0000)]
  0x0000000003261000 JavaThread "Reference Handler" daemon [_thread_blocked, id=11976, stack(0x0000000018ff0000,0x00000000190f0000)]
  0x000000000304e000 JavaThread "main" [_thread_blocked, id=14552, stack(0x0000000003070000,0x0000000003170000)]

Other Threads:
  0x0000000017e56800 VMThread [stack: 0x0000000018ef0000,0x0000000018ff0000] [id=16840]
  0x0000000017ee9800 WatcherThread [stack: 0x0000000019d20000,0x0000000019e20000] [id=8828]

VM state:not at safepoint (normal execution)

VM Mutex/Monitor currently owned by a thread: None

heap address: 0x0000000080000000, size: 2048 MB, Compressed Oops mode: 32-bit
Narrow klass base: 0x0000000000000000, Narrow klass shift: 3
Compressed class space size: 1073741824 Address: 0x0000000100000000

Heap:
 PSYoungGen      total 404992K, used 58484K [0x00000000d5580000, 0x00000000f5a80000, 0x0000000100000000)
  eden space 352768K, 1% used [0x00000000d5580000,0x00000000d5b9f1d8,0x00000000eae00000)
  from space 52224K, 99% used [0x00000000eae00000,0x00000000ee0fe0a8,0x00000000ee100000)
  to   space 65024K, 0% used [0x00000000f1b00000,0x00000000f1b00000,0x00000000f5a80000)
 ParOldGen       total 156160K, used 120315K [0x0000000080000000, 0x0000000089880000, 0x00000000d5580000)
  object space 156160K, 77% used [0x0000000080000000,0x000000008757ecd8,0x0000000089880000)
 Metaspace       used 110077K, capacity 115949K, committed 116264K, reserved 1150976K
  class space    used 14152K, capacity 15352K, committed 15408K, reserved 1048576K

Card table byte_map: [0x0000000012630000,0x0000000012a40000] byte_map_base: 0x0000000012230000

Marking Bits: (ParMarkBitMap*) 0x000000005c1bf030
 Begin Bits: [0x00000000130f0000, 0x00000000150f0000)
 End Bits:   [0x00000000150f0000, 0x00000000170f0000)

Polling page: 0x0000000002f60000

CodeCache: size=245760Kb used=57730Kb max_used=57829Kb free=188029Kb
 bounds [0x0000000003270000, 0x0000000006b30000, 0x0000000012270000]
 total_blobs=17757 nmethods=16840 adapters=829
 compilation: enabled

Compilation events (10 events):
Event: 315.805 Thread 0x0000000017ea5000 21108       3       org.gradle.api.internal.file.AbstractFileCollection::filter (23 bytes)
Event: 315.807 Thread 0x0000000017ea5000 nmethod 21108 0x00000000040b1a10 code [0x00000000040b1be0, 0x00000000040b2488]
Event: 315.808 Thread 0x0000000017ea5000 21109       3       org.gradle.api.internal.file.AbstractFileCollection$$Lambda$293/725738454::get$Lambda (9 bytes)
Event: 315.808 Thread 0x0000000017ea5000 nmethod 21109 0x00000000040b1550 code [0x00000000040b16c0, 0x00000000040b1910]
Event: 315.813 Thread 0x0000000017ea5000 21110       3       org.gradle.api.internal.file.collections.DefaultDirectoryWalker$PathVisitor::postVisitDirectory (10 bytes)
Event: 315.813 Thread 0x0000000017ea5000 nmethod 21110 0x000000000532a690 code [0x000000000532a800, 0x000000000532aaa8]
Event: 315.813 Thread 0x0000000017ea5000 21111       3       org.gradle.api.internal.file.collections.DefaultDirectoryWalker$PathVisitor::postVisitDirectory (95 bytes)
Event: 315.813 Thread 0x0000000017e9c000 nmethod 21048 0x0000000006b0d750 code [0x0000000006b0d8e0, 0x0000000006b0dd28]
Event: 315.813 Thread 0x0000000017e9c000 21052       4       org.gradle.api.internal.artifacts.transform.TransformCompletion::visit (26 bytes)
Event: 315.816 Thread 0x0000000017ea5000 nmethod 21111 0x0000000005527c10 code [0x0000000005527ec0, 0x0000000005529418]

GC Heap History (10 events):
Event: 53.141 GC heap before
{Heap before GC invocations=21 (full 4):
 PSYoungGen      total 313344K, used 278528K [0x00000000d5580000, 0x00000000eb580000, 0x0000000100000000)
  eden space 278528K, 100% used [0x00000000d5580000,0x00000000e6580000,0x00000000e6580000)
  from space 34816K, 0% used [0x00000000e8700000,0x00000000e8700000,0x00000000ea900000)
  to   space 34304K, 0% used [0x00000000e6580000,0x00000000e6580000,0x00000000e8700000)
 ParOldGen       total 156160K, used 71446K [0x0000000080000000, 0x0000000089880000, 0x00000000d5580000)
  object space 156160K, 45% used [0x0000000080000000,0x00000000845c5908,0x0000000089880000)
 Metaspace       used 76492K, capacity 79630K, committed 79784K, reserved 1118208K
  class space    used 10165K, capacity 10833K, committed 10928K, reserved 1048576K
Event: 53.221 GC heap after
Heap after GC invocations=21 (full 4):
 PSYoungGen      total 312832K, used 34284K [0x00000000d5580000, 0x00000000ede00000, 0x0000000100000000)
  eden space 278528K, 0% used [0x00000000d5580000,0x00000000d5580000,0x00000000e6580000)
  from space 34304K, 99% used [0x00000000e6580000,0x00000000e86fb200,0x00000000e8700000)
  to   space 41984K, 0% used [0x00000000eb500000,0x00000000eb500000,0x00000000ede00000)
 ParOldGen       total 156160K, used 76611K [0x0000000080000000, 0x0000000089880000, 0x00000000d5580000)
  object space 156160K, 49% used [0x0000000080000000,0x0000000084ad0fd0,0x0000000089880000)
 Metaspace       used 76492K, capacity 79630K, committed 79784K, reserved 1118208K
  class space    used 10165K, capacity 10833K, committed 10928K, reserved 1048576K
}
Event: 62.619 GC heap before
{Heap before GC invocations=22 (full 4):
 PSYoungGen      total 312832K, used 312812K [0x00000000d5580000, 0x00000000ede00000, 0x0000000100000000)
  eden space 278528K, 100% used [0x00000000d5580000,0x00000000e6580000,0x00000000e6580000)
  from space 34304K, 99% used [0x00000000e6580000,0x00000000e86fb200,0x00000000e8700000)
  to   space 41984K, 0% used [0x00000000eb500000,0x00000000eb500000,0x00000000ede00000)
 ParOldGen       total 156160K, used 76611K [0x0000000080000000, 0x0000000089880000, 0x00000000d5580000)
  object space 156160K, 49% used [0x0000000080000000,0x0000000084ad0fd0,0x0000000089880000)
 Metaspace       used 86418K, capacity 90582K, committed 90792K, reserved 1128448K
  class space    used 11490K, capacity 12373K, committed 12464K, reserved 1048576K
Event: 62.879 GC heap after
Heap after GC invocations=22 (full 4):
 PSYoungGen      total 357376K, used 30554K [0x00000000d5580000, 0x00000000ee480000, 0x0000000100000000)
  eden space 315392K, 0% used [0x00000000d5580000,0x00000000d5580000,0x00000000e8980000)
  from space 41984K, 72% used [0x00000000eb500000,0x00000000ed2d6860,0x00000000ede00000)
  to   space 44544K, 0% used [0x00000000e8980000,0x00000000e8980000,0x00000000eb500000)
 ParOldGen       total 156160K, used 109352K [0x0000000080000000, 0x0000000089880000, 0x00000000d5580000)
  object space 156160K, 70% used [0x0000000080000000,0x0000000086aca258,0x0000000089880000)
 Metaspace       used 86418K, capacity 90582K, committed 90792K, reserved 1128448K
  class space    used 11490K, capacity 12373K, committed 12464K, reserved 1048576K
}
Event: 73.348 GC heap before
{Heap before GC invocations=23 (full 4):
 PSYoungGen      total 357376K, used 345946K [0x00000000d5580000, 0x00000000ee480000, 0x0000000100000000)
  eden space 315392K, 100% used [0x00000000d5580000,0x00000000e8980000,0x00000000e8980000)
  from space 41984K, 72% used [0x00000000eb500000,0x00000000ed2d6860,0x00000000ede00000)
  to   space 44544K, 0% used [0x00000000e8980000,0x00000000e8980000,0x00000000eb500000)
 ParOldGen       total 156160K, used 109352K [0x0000000080000000, 0x0000000089880000, 0x00000000d5580000)
  object space 156160K, 70% used [0x0000000080000000,0x0000000086aca258,0x0000000089880000)
 Metaspace       used 95013K, capacity 100088K, committed 100264K, reserved 1136640K
  class space    used 12587K, capacity 13650K, committed 13744K, reserved 1048576K
Event: 73.537 GC heap after
Heap after GC invocations=23 (full 4):
 PSYoungGen      total 359936K, used 38039K [0x00000000d5580000, 0x00000000f1600000, 0x0000000100000000)
  eden space 315392K, 0% used [0x00000000d5580000,0x00000000d5580000,0x00000000e8980000)
  from space 44544K, 85% used [0x00000000e8980000,0x00000000eaea5c10,0x00000000eb500000)
  to   space 49664K, 0% used [0x00000000ee580000,0x00000000ee580000,0x00000000f1600000)
 ParOldGen       total 156160K, used 109368K [0x0000000080000000, 0x0000000089880000, 0x00000000d5580000)
  object space 156160K, 70% used [0x0000000080000000,0x0000000086ace258,0x0000000089880000)
 Metaspace       used 95013K, capacity 100088K, committed 100264K, reserved 1136640K
  class space    used 12587K, capacity 13650K, committed 13744K, reserved 1048576K
}
Event: 305.096 GC heap before
{Heap before GC invocations=24 (full 4):
 PSYoungGen      total 359936K, used 353415K [0x00000000d5580000, 0x00000000f1600000, 0x0000000100000000)
  eden space 315392K, 99% used [0x00000000d5580000,0x00000000e897c350,0x00000000e8980000)
  from space 44544K, 85% used [0x00000000e8980000,0x00000000eaea5c10,0x00000000eb500000)
  to   space 49664K, 0% used [0x00000000ee580000,0x00000000ee580000,0x00000000f1600000)
 ParOldGen       total 156160K, used 109368K [0x0000000080000000, 0x0000000089880000, 0x00000000d5580000)
  object space 156160K, 70% used [0x0000000080000000,0x0000000086ace258,0x0000000089880000)
 Metaspace       used 96597K, capacity 101716K, committed 101800K, reserved 1136640K
  class space    used 12665K, capacity 13710K, committed 13744K, reserved 1048576K
Event: 305.337 GC heap after
Heap after GC invocations=24 (full 4):
 PSYoungGen      total 400384K, used 34351K [0x00000000d5580000, 0x00000000f1400000, 0x0000000100000000)
  eden space 352768K, 0% used [0x00000000d5580000,0x00000000d5580000,0x00000000eae00000)
  from space 47616K, 72% used [0x00000000ee580000,0x00000000f070bf48,0x00000000f1400000)
  to   space 52224K, 0% used [0x00000000eae00000,0x00000000eae00000,0x00000000ee100000)
 ParOldGen       total 156160K, used 109376K [0x0000000080000000, 0x0000000089880000, 0x00000000d5580000)
  object space 156160K, 70% used [0x0000000080000000,0x0000000086ad0258,0x0000000089880000)
 Metaspace       used 96597K, capacity 101716K, committed 101800K, reserved 1136640K
  class space    used 12665K, capacity 13710K, committed 13744K, reserved 1048576K
}
Event: 315.345 GC heap before
{Heap before GC invocations=25 (full 4):
 PSYoungGen      total 400384K, used 387119K [0x00000000d5580000, 0x00000000f1400000, 0x0000000100000000)
  eden space 352768K, 100% used [0x00000000d5580000,0x00000000eae00000,0x00000000eae00000)
  from space 47616K, 72% used [0x00000000ee580000,0x00000000f070bf48,0x00000000f1400000)
  to   space 52224K, 0% used [0x00000000eae00000,0x00000000eae00000,0x00000000ee100000)
 ParOldGen       total 156160K, used 109376K [0x0000000080000000, 0x0000000089880000, 0x00000000d5580000)
  object space 156160K, 70% used [0x0000000080000000,0x0000000086ad0258,0x0000000089880000)
 Metaspace       used 110047K, capacity 115945K, committed 116264K, reserved 1150976K
  class space    used 14152K, capacity 15352K, committed 15408K, reserved 1048576K
Event: 315.632 GC heap after
Heap after GC invocations=25 (full 4):
 PSYoungGen      total 404992K, used 52216K [0x00000000d5580000, 0x00000000f5a80000, 0x0000000100000000)
  eden space 352768K, 0% used [0x00000000d5580000,0x00000000d5580000,0x00000000eae00000)
  from space 52224K, 99% used [0x00000000eae00000,0x00000000ee0fe0a8,0x00000000ee100000)
  to   space 65024K, 0% used [0x00000000f1b00000,0x00000000f1b00000,0x00000000f5a80000)
 ParOldGen       total 156160K, used 120315K [0x0000000080000000, 0x0000000089880000, 0x00000000d5580000)
  object space 156160K, 77% used [0x0000000080000000,0x000000008757ecd8,0x0000000089880000)
 Metaspace       used 110047K, capacity 115945K, committed 116264K, reserved 1150976K
  class space    used 14152K, capacity 15352K, committed 15408K, reserved 1048576K
}

Deoptimization events (10 events):
Event: 312.366 Thread 0x000000001a3a6000 Uncommon trap: reason=bimorphic action=maybe_recompile pc=0x0000000005035514 method=com.google.common.collect.ImmutableList.listIterator()Lcom/google/common/collect/UnmodifiableListIterator; @ 2
Event: 313.816 Thread 0x000000001a3a6000 Uncommon trap: reason=unstable_if action=reinterpret pc=0x000000000344e9e4 method=java.lang.String.replace(CC)Ljava/lang/String; @ 2
Event: 313.834 Thread 0x000000001a3a6000 Uncommon trap: reason=unstable_if action=reinterpret pc=0x0000000003e67248 method=sun.net.www.protocol.jar.Handler.parseURL(Ljava/net/URL;Ljava/lang/String;II)V @ 116
Event: 314.378 Thread 0x000000001a3a6000 Uncommon trap: reason=unstable_if action=reinterpret pc=0x0000000003972974 method=java.lang.ref.SoftReference.get()Ljava/lang/Object; @ 6
Event: 314.388 Thread 0x000000001a3a6000 Uncommon trap: reason=unstable_if action=reinterpret pc=0x000000000682d628 method=sun.nio.fs.WindowsFileSystemProvider.readAttributes(Ljava/nio/file/Path;Ljava/lang/Class;[Ljava/nio/file/LinkOption;)Ljava/nio/file/attribute/BasicFileAttributes; @ 3
Event: 314.389 Thread 0x000000001a3a6000 Uncommon trap: reason=unstable_if action=reinterpret pc=0x0000000005a0da10 method=sun.nio.fs.WindowsFileSystemProvider.getFileAttributeView(Ljava/nio/file/Path;Ljava/lang/Class;[Ljava/nio/file/LinkOption;)Ljava/nio/file/attribute/FileAttributeView; @ 41
Event: 314.391 Thread 0x000000001a3a6000 Uncommon trap: reason=class_check action=maybe_recompile pc=0x0000000006826f1c method=sun.nio.fs.WindowsFileAttributeViews$Basic.readAttributes()Ljava/nio/file/attribute/BasicFileAttributes; @ 1
Event: 314.397 Thread 0x000000001a3a6000 Uncommon trap: reason=class_check action=maybe_recompile pc=0x0000000006826f1c method=sun.nio.fs.WindowsFileAttributeViews$Basic.readAttributes()Ljava/nio/file/attribute/BasicFileAttributes; @ 1
Event: 314.425 Thread 0x000000001a3a6000 Uncommon trap: reason=class_check action=maybe_recompile pc=0x0000000006826f1c method=sun.nio.fs.WindowsFileAttributeViews$Basic.readAttributes()Ljava/nio/file/attribute/BasicFileAttributes; @ 1
Event: 314.427 Thread 0x000000001a3a6000 Uncommon trap: reason=class_check action=maybe_recompile pc=0x0000000006826f1c method=sun.nio.fs.WindowsFileAttributeViews$Basic.readAttributes()Ljava/nio/file/attribute/BasicFileAttributes; @ 1

Classes redefined (0 events):
No events

Internal exceptions (10 events):
Event: 312.009 Thread 0x000000001a3a6000 Exception <a 'sun/nio/fs/WindowsException'> (0x00000000e4a157c0) thrown at [C:\src\AOSP-openjdk-git\hotspot\src\share\vm\prims\jni.cpp, line 710]
Event: 312.010 Thread 0x000000001a3a6000 Exception <a 'sun/nio/fs/WindowsException'> (0x00000000e4a18778) thrown at [C:\src\AOSP-openjdk-git\hotspot\src\share\vm\prims\jni.cpp, line 710]
Event: 312.010 Thread 0x000000001a3a6000 Exception <a 'sun/nio/fs/WindowsException'> (0x00000000e4a19178) thrown at [C:\src\AOSP-openjdk-git\hotspot\src\share\vm\prims\jni.cpp, line 710]
Event: 312.010 Thread 0x000000001a3a6000 Exception <a 'sun/nio/fs/WindowsException'> (0x00000000e4a1b348) thrown at [C:\src\AOSP-openjdk-git\hotspot\src\share\vm\prims\jni.cpp, line 710]
Event: 312.011 Thread 0x000000001a3a6000 Exception <a 'sun/nio/fs/WindowsException'> (0x00000000e4a1bd48) thrown at [C:\src\AOSP-openjdk-git\hotspot\src\share\vm\prims\jni.cpp, line 710]
Event: 312.023 Thread 0x000000001a3a6000 Exception <a 'java/lang/ClassNotFoundException': com/sun/org/glassfish/hk2/osgiresourcelocator/ServiceLoader> (0x00000000e4a5e3b0) thrown at [C:\src\AOSP-openjdk-git\hotspot\src\share\vm\classfile\systemDictionary.cpp, line 210]
Event: 313.750 Thread 0x000000001a3a6000 Exception <a 'java/lang/NoSuchMethodError': java.lang.Object.lambda$static$0()J> (0x00000000e7cc32d8) thrown at [C:\src\AOSP-openjdk-git\hotspot\src\share\vm\interpreter\linkResolver.cpp, line 620]
Event: 314.095 Thread 0x000000001a3a6000 Exception <a 'java/lang/NoSuchMethodError': java.lang.Object.lambda$static$0(I)[Lcom/intellij/openapi/editor/event/DocumentListener;> (0x00000000e83f9768) thrown at [C:\src\AOSP-openjdk-git\hotspot\src\share\vm\interpreter\linkResolver.cpp, line 620]
Event: 314.169 Thread 0x000000001a3a6000 Exception <a 'java/lang/NoSuchMethodError': java.lang.Object.lambda$static$0(I)[Lcom/intellij/psi/PsiAnnotation;> (0x00000000e85d75c0) thrown at [C:\src\AOSP-openjdk-git\hotspot\src\share\vm\interpreter\linkResolver.cpp, line 620]
Event: 314.339 Thread 0x000000001a3a6000 Exception <a 'java/lang/NoSuchMethodError': java.lang.Object.lambda$static$0(I)[Lcom/intellij/psi/PsiElement;> (0x00000000e89dec58) thrown at [C:\src\AOSP-openjdk-git\hotspot\src\share\vm\interpreter\linkResolver.cpp, line 620]

Events (10 events):
Event: 315.756 Thread 0x0000000017ea5000 flushing nmethod 0x00000000050d4f50
Event: 315.759 Thread 0x0000000017ea5000 flushing nmethod 0x00000000052f6550
Event: 315.759 Thread 0x0000000017ea5000 flushing nmethod 0x000000000532a510
Event: 315.760 Thread 0x0000000017ea5000 flushing nmethod 0x000000000544ec90
Event: 315.761 Thread 0x0000000017ea5000 flushing nmethod 0x0000000005527390
Event: 315.761 Thread 0x0000000017ea5000 flushing nmethod 0x000000000555c1d0
Event: 315.763 Thread 0x0000000017ea5000 flushing nmethod 0x00000000056ee410
Event: 315.764 Thread 0x0000000017ea5000 flushing nmethod 0x0000000005751490
Event: 315.770 Thread 0x0000000017ea5000 flushing nmethod 0x0000000005aff510
Event: 315.771 Thread 0x0000000017ea5000 flushing nmethod 0x0000000005d26290


Dynamic libraries:
0x00007ff7c98d0000 - 0x00007ff7c9901000 	D:\Program Files\AndroidStudio\jre\bin\java.exe
0x00007ffb24d70000 - 0x00007ffb24f66000 	C:\WINDOWS\SYSTEM32\ntdll.dll
0x00007ffb23420000 - 0x00007ffb234dd000 	C:\WINDOWS\System32\KERNEL32.DLL
0x00007ffb22620000 - 0x00007ffb228e9000 	C:\WINDOWS\System32\KERNELBASE.dll
0x00007ffb24020000 - 0x00007ffb240cc000 	C:\WINDOWS\System32\ADVAPI32.dll
0x00007ffb23540000 - 0x00007ffb235de000 	C:\WINDOWS\System32\msvcrt.dll
0x00007ffb24c90000 - 0x00007ffb24d2c000 	C:\WINDOWS\System32\sechost.dll
0x00007ffb22dd0000 - 0x00007ffb22efb000 	C:\WINDOWS\System32\RPCRT4.dll
0x00007ffb23c10000 - 0x00007ffb23db0000 	C:\WINDOWS\System32\USER32.dll
0x00007ffb22560000 - 0x00007ffb22582000 	C:\WINDOWS\System32\win32u.dll
0x00007ffb22f00000 - 0x00007ffb22f2a000 	C:\WINDOWS\System32\GDI32.dll
0x00007ffb22a40000 - 0x00007ffb22b4b000 	C:\WINDOWS\System32\gdi32full.dll
0x00007ffb22cb0000 - 0x00007ffb22d4d000 	C:\WINDOWS\System32\msvcp_win.dll
0x00007ffb22940000 - 0x00007ffb22a40000 	C:\WINDOWS\System32\ucrtbase.dll
0x00007ffafed60000 - 0x00007ffafeffb000 	C:\WINDOWS\WinSxS\amd64_microsoft.windows.common-controls_6595b64144ccf1df_6.0.19041.746_none_ca02b4b61b8320a4\COMCTL32.dll
0x00007ffb23390000 - 0x00007ffb233c0000 	C:\WINDOWS\System32\IMM32.DLL
0x000000005b830000 - 0x000000005b902000 	D:\Program Files\AndroidStudio\jre\jre\bin\msvcr100.dll
0x000000005b9f0000 - 0x000000005c23b000 	D:\Program Files\AndroidStudio\jre\jre\bin\server\jvm.dll
0x00007ffb23250000 - 0x00007ffb23258000 	C:\WINDOWS\System32\PSAPI.DLL
0x00007ffb09980000 - 0x00007ffb09989000 	C:\WINDOWS\SYSTEM32\WSOCK32.dll
0x00007ffb23050000 - 0x00007ffb230bb000 	C:\WINDOWS\System32\WS2_32.dll
0x00007ffb02400000 - 0x00007ffb02427000 	C:\WINDOWS\SYSTEM32\WINMM.dll
0x00007ffb0c7c0000 - 0x00007ffb0c7ca000 	C:\WINDOWS\SYSTEM32\VERSION.dll
0x00007ffb1cb10000 - 0x00007ffb1cb1f000 	D:\Program Files\AndroidStudio\jre\jre\bin\verify.dll
0x00007ffb1c540000 - 0x00007ffb1c569000 	D:\Program Files\AndroidStudio\jre\jre\bin\java.dll
0x00007ffb1c910000 - 0x00007ffb1c926000 	D:\Program Files\AndroidStudio\jre\jre\bin\zip.dll
0x00007ffb240d0000 - 0x00007ffb24813000 	C:\WINDOWS\System32\SHELL32.dll
0x00007ffb20610000 - 0x00007ffb20d9f000 	C:\WINDOWS\SYSTEM32\windows.storage.dll
0x00007ffb23750000 - 0x00007ffb23aa6000 	C:\WINDOWS\System32\combase.dll
0x00007ffb21ea0000 - 0x00007ffb21ecc000 	C:\WINDOWS\SYSTEM32\Wldp.dll
0x00007ffb23f60000 - 0x00007ffb2400e000 	C:\WINDOWS\System32\SHCORE.dll
0x00007ffb233c0000 - 0x00007ffb23415000 	C:\WINDOWS\System32\shlwapi.dll
0x00007ffb223e0000 - 0x00007ffb22406000 	C:\WINDOWS\SYSTEM32\profapi.dll
0x00007ffb1c3c0000 - 0x00007ffb1c3da000 	D:\Program Files\AndroidStudio\jre\jre\bin\net.dll
0x00007ffb21c20000 - 0x00007ffb21c8a000 	C:\WINDOWS\system32\mswsock.dll
0x00007ffb15590000 - 0x00007ffb155a3000 	D:\Program Files\AndroidStudio\jre\jre\bin\nio.dll
0x00007ffb09df0000 - 0x00007ffb09e16000 	C:\Users\homaw\.gradle\native\31\windows-amd64\native-platform.dll
0x00007ffb1c4e0000 - 0x00007ffb1c4ed000 	D:\Program Files\AndroidStudio\jre\jre\bin\management.dll
0x00007ffb21df0000 - 0x00007ffb21e08000 	C:\WINDOWS\SYSTEM32\CRYPTSP.dll
0x00007ffb21560000 - 0x00007ffb21594000 	C:\WINDOWS\system32\rsaenh.dll
0x00007ffb225f0000 - 0x00007ffb22617000 	C:\WINDOWS\System32\bcrypt.dll
0x00007ffb223a0000 - 0x00007ffb223ce000 	C:\WINDOWS\SYSTEM32\USERENV.dll
0x00007ffb22d50000 - 0x00007ffb22dd0000 	C:\WINDOWS\System32\bcryptprimitives.dll
0x00007ffb21e10000 - 0x00007ffb21e1c000 	C:\WINDOWS\SYSTEM32\CRYPTBASE.dll
0x00007ffb218b0000 - 0x00007ffb218eb000 	C:\WINDOWS\SYSTEM32\IPHLPAPI.DLL
0x00007ffb24010000 - 0x00007ffb24018000 	C:\WINDOWS\System32\NSI.dll
0x00007ffb1a670000 - 0x00007ffb1a687000 	C:\WINDOWS\SYSTEM32\dhcpcsvc6.DLL
0x00007ffb1aaf0000 - 0x00007ffb1ab0d000 	C:\WINDOWS\SYSTEM32\dhcpcsvc.DLL
0x00007ffb218f0000 - 0x00007ffb219bb000 	C:\WINDOWS\SYSTEM32\DNSAPI.dll

VM Arguments:
jvm_args: -Xmx2048m -Dfile.encoding=windows-1252 -Duser.country=FR -Duser.language=fr -Duser.variant 
java_command: org.gradle.launcher.daemon.bootstrap.GradleDaemon 6.1.1
java_class_path (initial): C:\Users\homaw\.gradle\wrapper\dists\gradle-6.1.1-all\cfmwm155h49vnt3hynmlrsdst\gradle-6.1.1\lib\gradle-launcher-6.1.1.jar
Launcher Type: SUN_STANDARD

Environment Variables:
PATH=C:\Windows\System32;C:\Windows;C:\Windows\System32\wbem;C:\Windows\System32\WindowsPowerShell\v1.0\;C:\Windows\System32\OpenSSH\;C:\Program Files\Inkscape\bin;C:\SD\Program Files\nodejs\;C:\Program Files\Git\cmd;D:\Program Files\Git\cmd;C:\Program Files\dotnet\;D:\Program Files\Python\Scripts\;D:\Program Files\Python\;C:\Users\homaw\AppData\Local\Microsoft\WindowsApps;D:\Program Files\Microsoft VS Code\bin;D:\Program Files\java jdk\bin;D:\Program Files\ffmpeg\bin;D:\Program Files\gcc\bin;D:\Program Files\GnuWin32\bin;D:\Program Files\PyCharm Community Edition 2019.3.1\bin;D:\Program Files\Nmap;D:\Program Files\IntelliJ IDEA Community Edition 2020.1.2\bin;D:\Program Files\Git\bin;D:\Serveur\mysql\bin;D:\Program Files\Inno Setup 6;D:\Program Files\Git\bin;C:\Users\homaw\AppData\Roaming\npm;D:\Program Files\Sublime Text 3;C:\Users\homaw\AppData\Local\GitHubDesktop\bin
USERNAME=homaw
OS=Windows_NT
PROCESSOR_IDENTIFIER=Intel64 Family 6 Model 142 Stepping 9, GenuineIntel



---------------  S Y S T E M  ---------------

OS: Windows 10.0 , 64 bit Build 19041 (10.0.19041.662)

CPU:total 4 (initial active 4) (2 cores per cpu, 2 threads per core) family 6 model 142 stepping 9, cmov, cx8, fxsr, mmx, sse, sse2, sse3, ssse3, sse4.1, sse4.2, popcnt, aes, clmul, erms, 3dnowpref, lzcnt, ht, tsc, tscinvbit

Memory: 4k page, physical 4076004k(334508k free), swap 11391460k(5712k free)

vm_info: OpenJDK 64-Bit Server VM (25.242-b01) for windows-amd64 JRE (1.8.0_242-release-1644-b01), built by "builder" with MS VC++ 10.0 (VS2010)

time: Sun Jan 31 23:24:48 2021
timezone: Temps universel coordonné
elapsed time: 315 seconds (0d 0h 5m 15s)

