#
# There is insufficient memory for the Java Runtime Environment to continue.
# Native memory allocation (malloc) failed to allocate 3396528 bytes for Chunk::new
# Possible reasons:
#   The system is out of physical RAM or swap space
#   The process is running with CompressedOops enabled, and the Java Heap may be blocking the growth of the native heap
# Possible solutions:
#   Reduce memory load on the system
#   Increase physical memory or swap space
#   Check if swap backing store is full
#   Decrease Java heap size (-Xmx/-Xms)
#   Decrease number of Java threads
#   Decrease Java thread stack sizes (-Xss)
#   Set larger code cache with -XX:ReservedCodeCacheSize=
#   JVM is running with Unscaled Compressed Oops mode in which the Java heap is
#     placed in the first 4GB address space. The Java Heap base address is the
#     maximum limit for the native heap growth. Please use -XX:HeapBaseMinAddress
#     to set the Java Heap base and to place the Java Heap above 4GB virtual address.
# This output file may be truncated or incomplete.
#
#  Out of Memory Error (allocation.cpp:389), pid=1288, tid=0x00000000000023d4
#
# JRE version: OpenJDK Runtime Environment (8.0_242-b01) (build 1.8.0_242-release-1644-b01)
# Java VM: OpenJDK 64-Bit Server VM (25.242-b01 mixed mode windows-amd64 compressed oops)
# Failed to write core dump. Minidumps are not enabled by default on client versions of Windows
#

---------------  T H R E A D  ---------------

Current thread (0x0000000017f7a000):  JavaThread "C2 CompilerThread1" daemon [_thread_in_native, id=9172, stack(0x0000000019700000,0x0000000019800000)]

Stack: [0x0000000019700000,0x0000000019800000]
[error occurred during error reporting (printing stack bounds), id 0xc0000005]

Native frames: (J=compiled Java code, j=interpreted, Vv=VM code, C=native code)


Current CompileTask:
C2: 166205 21122 % !   4       com.android.tools.r8.dex.r::b @ 460 (2682 bytes)


---------------  P R O C E S S  ---------------

Java Threads: ( => current thread )
  0x0000000019fa7800 JavaThread "ForkJoinPool.commonPool-worker-3" daemon [_thread_in_Java, id=13988, stack(0x0000000027010000,0x0000000027110000)]
  0x0000000019f9f000 JavaThread "ForkJoinPool.commonPool-worker-2" daemon [_thread_in_native, id=13532, stack(0x0000000026990000,0x0000000026a90000)]
  0x0000000019fa4800 JavaThread "ForkJoinPool.commonPool-worker-1" daemon [_thread_blocked, id=1252, stack(0x000000001d850000,0x000000001d950000)]
  0x000000001a2b0000 JavaThread "WorkerExecutor Queue Thread 5" [_thread_blocked, id=9140, stack(0x0000000026a90000,0x0000000026b90000)]
  0x000000001a2b0800 JavaThread "WorkerExecutor Queue Thread 3" [_thread_blocked, id=11472, stack(0x0000000026710000,0x0000000026810000)]
  0x000000001a2ae800 JavaThread "Cache worker for Java compile cache (E:\Android_project\SignalAppscmdParflorent\.gradle\6.1.1\javaCompile)" [_thread_blocked, id=9716, stack(0x0000000026310000,0x0000000026410000)]
  0x000000001a2ad800 JavaThread "WorkerExecutor Queue Thread 2" [_thread_blocked, id=1312, stack(0x0000000026210000,0x0000000026310000)]
  0x000000001a2a4800 JavaThread "stdout" [_thread_in_native, id=12184, stack(0x0000000026890000,0x0000000026990000)]
  0x000000001a2a7800 JavaThread "stderr" [_thread_in_native, id=4520, stack(0x0000000026110000,0x0000000026210000)]
  0x000000001a2ab800 JavaThread "pool-4-thread-1" [_thread_blocked, id=13388, stack(0x0000000025e10000,0x0000000025f10000)]
  0x000000001a2a7000 JavaThread "WorkerExecutor Queue" [_thread_blocked, id=9116, stack(0x0000000025910000,0x0000000025a10000)]
  0x000000001a2a4000 JavaThread "Cache worker for execution history cache (E:\Android_project\SignalAppscmdParflorent\.gradle\6.1.1\executionHistory)" [_thread_blocked, id=9668, stack(0x0000000025810000,0x0000000025910000)]
  0x000000001a2aa000 JavaThread "Execution worker for ':' Thread 3" [_thread_blocked, id=14152, stack(0x0000000025510000,0x0000000025610000)]
  0x000000001a2a6000 JavaThread "Execution worker for ':' Thread 2" [_thread_blocked, id=11604, stack(0x00000000252f0000,0x00000000253f0000)]
  0x000000001e9e0000 JavaThread "Execution worker for ':'" [_thread_blocked, id=1096, stack(0x0000000023dc0000,0x0000000023ec0000)]
  0x000000001e9de000 JavaThread "Cache worker for file content cache (E:\Android_project\SignalAppscmdParflorent\.gradle\6.1.1\fileContent)" [_thread_blocked, id=6260, stack(0x0000000023cc0000,0x0000000023dc0000)]
  0x000000001e9df800 JavaThread "Cache worker for Build Output Cleanup Cache (E:\Android_project\SignalAppscmdParflorent\.gradle\buildOutputCleanup)" [_thread_blocked, id=10040, stack(0x0000000022ba0000,0x0000000022ca0000)]
  0x000000001e9dd000 JavaThread "Build operations Thread 4" [_thread_blocked, id=7996, stack(0x0000000022aa0000,0x0000000022ba0000)]
  0x000000001e9db800 JavaThread "Build operations Thread 3" [_thread_blocked, id=10828, stack(0x00000000229a0000,0x0000000022aa0000)]
  0x000000001e9dc800 JavaThread "Build operations Thread 2" [_thread_blocked, id=684, stack(0x0000000021920000,0x0000000021a20000)]
  0x000000001e9e2800 JavaThread "Build operations" [_thread_blocked, id=8880, stack(0x0000000021820000,0x0000000021920000)]
  0x000000001e9de800 JavaThread "Cache worker for cache directory md-rule (C:\Users\homaw\.gradle\caches\6.1.1\md-rule)" [_thread_blocked, id=2980, stack(0x0000000021720000,0x0000000021820000)]
  0x000000001e9e1000 JavaThread "Cache worker for cache directory md-supplier (C:\Users\homaw\.gradle\caches\6.1.1\md-supplier)" [_thread_blocked, id=552, stack(0x00000000202f0000,0x00000000203f0000)]
  0x000000001e9e1800 JavaThread "Cache worker for file hash cache (E:\Android_project\SignalAppscmdParflorent\.gradle\6.1.1\fileHashes)" [_thread_blocked, id=8252, stack(0x00000000201f0000,0x00000000202f0000)]
  0x000000001e9db000 JavaThread "Cache worker for checksums cache (E:\Android_project\SignalAppscmdParflorent\.gradle\checksums)" [_thread_blocked, id=9980, stack(0x00000000200f0000,0x00000000201f0000)]
  0x000000001e9d3800 JavaThread "Thread-40" [_thread_blocked, id=12680, stack(0x000000001fff0000,0x00000000200f0000)]
  0x000000001e9d6800 JavaThread "Asynchronous log dispatcher for DefaultDaemonConnection: socket connection from /127.0.0.1:14671 to /127.0.0.1:14677" [_thread_blocked, id=5688, stack(0x000000001d450000,0x000000001d550000)]
  0x000000001e9d9800 JavaThread "Cancel handler" [_thread_blocked, id=9780, stack(0x000000001d150000,0x000000001d250000)]
  0x000000001e9d4000 JavaThread "Handler for socket connection from /127.0.0.1:14671 to /127.0.0.1:14677" [_thread_in_native, id=12280, stack(0x0000000001770000,0x0000000001870000)]
  0x000000001e9d5800 JavaThread "Cache worker for Java compile cache (C:\Users\homaw\.gradle\caches\6.1.1\javaCompile)" [_thread_blocked, id=7116, stack(0x0000000027110000,0x0000000027210000)]
  0x0000000019fa9800 JavaThread "Cache worker for file content cache (C:\Users\homaw\.gradle\caches\6.1.1\fileContent)" [_thread_blocked, id=7208, stack(0x0000000025410000,0x0000000025510000)]
  0x0000000019fac000 JavaThread "Memory manager" [_thread_blocked, id=8040, stack(0x00000000228a0000,0x00000000229a0000)]
  0x0000000019fa5000 JavaThread "Cache worker for execution history cache (C:\Users\homaw\.gradle\caches\6.1.1\executionHistory)" [_thread_blocked, id=3560, stack(0x0000000021620000,0x0000000021720000)]
  0x0000000019913000 JavaThread "Cache worker for file hash cache (C:\Users\homaw\.gradle\caches\6.1.1\fileHashes)" [_thread_blocked, id=3496, stack(0x000000001dd50000,0x000000001de50000)]
  0x0000000019912800 JavaThread "File lock request listener" [_thread_in_native, id=1188, stack(0x000000001dc50000,0x000000001dd50000)]
  0x0000000019cdb000 JavaThread "Cache worker for journal cache (C:\Users\homaw\.gradle\caches\journal-1)" [_thread_blocked, id=9204, stack(0x000000001db50000,0x000000001dc50000)]
  0x000000001b0d0000 JavaThread "Daemon worker" [_thread_blocked, id=3056, stack(0x000000001d550000,0x000000001d650000)]
  0x000000001ba0a800 JavaThread "Daemon" [_thread_blocked, id=11924, stack(0x000000001d050000,0x000000001d150000)]
  0x000000001baba000 JavaThread "Daemon periodic checks" [_thread_blocked, id=9552, stack(0x000000001cf50000,0x000000001d050000)]
  0x000000001bab9000 JavaThread "Incoming local TCP Connector on port 14671" [_thread_in_native, id=10700, stack(0x000000001cce0000,0x000000001cde0000)]
  0x000000001b9ce800 JavaThread "Daemon health stats" [_thread_blocked, id=12856, stack(0x000000001c6a0000,0x000000001c7a0000)]
  0x000000001992a800 JavaThread "Service Thread" daemon [_thread_blocked, id=456, stack(0x0000000019d00000,0x0000000019e00000)]
  0x0000000017f7e800 JavaThread "C1 CompilerThread2" daemon [_thread_blocked, id=7720, stack(0x0000000019800000,0x0000000019900000)]
=>0x0000000017f7a000 JavaThread "C2 CompilerThread1" daemon [_thread_in_native, id=9172, stack(0x0000000019700000,0x0000000019800000)]
  0x0000000017f78000 JavaThread "C2 CompilerThread0" daemon [_thread_blocked, id=11464, stack(0x0000000019600000,0x0000000019700000)]
  0x0000000017f73000 JavaThread "Attach Listener" daemon [_thread_blocked, id=12116, stack(0x0000000019500000,0x0000000019600000)]
  0x0000000017f72000 JavaThread "Signal Dispatcher" daemon [_thread_blocked, id=3232, stack(0x0000000019400000,0x0000000019500000)]
  0x000000000334a000 JavaThread "Finalizer" daemon [_thread_blocked, id=3536, stack(0x00000000191d0000,0x00000000192d0000)]
  0x0000000003341000 JavaThread "Reference Handler" daemon [_thread_blocked, id=4028, stack(0x00000000190d0000,0x00000000191d0000)]
  0x00000000018ce000 JavaThread "main" [_thread_blocked, id=2532, stack(0x0000000003080000,0x0000000003180000)]

Other Threads:
  0x0000000017f36800 VMThread [stack: 0x0000000018fd0000,0x00000000190d0000] [id=13824]
  0x000000001992b000 WatcherThread [stack: 0x0000000019e00000,0x0000000019f00000] [id=4756]

VM state:not at safepoint (normal execution)

VM Mutex/Monitor currently owned by a thread: None

OutOfMemory and StackOverflow Exception counts:
OutOfMemoryError java_heap_errors=2

heap address: 0x0000000080000000, size: 2048 MB, Compressed Oops mode: 32-bit
Narrow klass base: 0x0000000000000000, Narrow klass shift: 3
Compressed class space size: 1073741824 Address: 0x0000000100000000

Heap:
 PSYoungGen      total 528896K, used 75540K [0x00000000d5580000, 0x00000000f8f00000, 0x0000000100000000)
  eden space 474624K, 15% used [0x00000000d5580000,0x00000000d9f451e8,0x00000000f2500000)
  from space 54272K, 0% used [0x00000000f2500000,0x00000000f2500000,0x00000000f5a00000)
  to   space 49152K, 0% used [0x00000000f5b00000,0x00000000f5b00000,0x00000000f8b00000)
 ParOldGen       total 183296K, used 174011K [0x0000000080000000, 0x000000008b300000, 0x00000000d5580000)
  object space 183296K, 94% used [0x0000000080000000,0x000000008a9eec78,0x000000008b300000)
 Metaspace       used 95745K, capacity 100454K, committed 100608K, reserved 1136640K
  class space    used 12328K, capacity 13294K, committed 13312K, reserved 1048576K

Card table byte_map: [0x0000000012710000,0x0000000012b20000] byte_map_base: 0x0000000012310000

Marking Bits: (ParMarkBitMap*) 0x000000005c1bf030
 Begin Bits: [0x00000000131d0000, 0x00000000151d0000)
 End Bits:   [0x00000000151d0000, 0x00000000171d0000)

Polling page: 0x00000000013f0000

CodeCache: size=245760Kb used=58958Kb max_used=59589Kb free=186801Kb
 bounds [0x0000000003350000, 0x0000000006dd0000, 0x0000000012350000]
 total_blobs=17738 nmethods=16855 adapters=796
 compilation: enabled

Compilation events (10 events):
Event: 166.110 Thread 0x0000000017f7e800 21611   !   3       java.util.zip.Deflater::needsInput (27 bytes)
Event: 166.111 Thread 0x0000000017f7e800 nmethod 21611 0x0000000006314e90 code [0x0000000006315000, 0x0000000006315350]
Event: 166.120 Thread 0x0000000017f7e800 21612   !   3       java.util.zip.InflaterOutputStream::write (213 bytes)
Event: 166.122 Thread 0x0000000017f7e800 nmethod 21612 0x000000000650b450 code [0x000000000650b700, 0x000000000650caa8]
Event: 166.122 Thread 0x0000000017f7e800 21613   !   3       com.android.zipflinger.Compressor::inflate (127 bytes)
Event: 166.124 Thread 0x0000000017f7e800 nmethod 21613 0x0000000006509b10 code [0x0000000006509da0, 0x000000000650aac8]
Event: 166.149 Thread 0x0000000017f78000 21614   !   4       sun.security.provider.DigestBase::engineDigest (39 bytes)
Event: 166.153 Thread 0x0000000017f78000 nmethod 21614 0x0000000006c12b50 code [0x0000000006c12ca0, 0x0000000006c12e88]
Event: 166.153 Thread 0x0000000017f7e800 21615       3       java.util.zip.InflaterOutputStream::finish (23 bytes)
Event: 166.154 Thread 0x0000000017f7e800 nmethod 21615 0x000000000354d210 code [0x000000000354d3a0, 0x000000000354d728]

GC Heap History (10 events):
Event: 143.820 GC heap before
{Heap before GC invocations=26 (full 7):
 PSYoungGen      total 528896K, used 486870K [0x00000000d5580000, 0x00000000f8f00000, 0x0000000100000000)
  eden space 474624K, 100% used [0x00000000d5580000,0x00000000f2500000,0x00000000f2500000)
  from space 54272K, 22% used [0x00000000f2500000,0x00000000f30f5950,0x00000000f5a00000)
  to   space 49152K, 0% used [0x00000000f5b00000,0x00000000f5b00000,0x00000000f8b00000)
 ParOldGen       total 183296K, used 182821K [0x0000000080000000, 0x000000008b300000, 0x00000000d5580000)
  object space 183296K, 99% used [0x0000000080000000,0x000000008b289600,0x000000008b300000)
 Metaspace       used 92715K, capacity 96906K, committed 97792K, reserved 1134592K
  class space    used 11950K, capacity 12832K, committed 13056K, reserved 1048576K
Event: 145.740 GC heap after
Heap after GC invocations=26 (full 7):
 PSYoungGen      total 528896K, used 58397K [0x00000000d5580000, 0x00000000f8f00000, 0x0000000100000000)
  eden space 474624K, 12% used [0x00000000d5580000,0x00000000d8e875c8,0x00000000f2500000)
  from space 54272K, 0% used [0x00000000f2500000,0x00000000f2500000,0x00000000f5a00000)
  to   space 49152K, 0% used [0x00000000f5b00000,0x00000000f5b00000,0x00000000f8b00000)
 ParOldGen       total 183296K, used 183226K [0x0000000080000000, 0x000000008b300000, 0x00000000d5580000)
  object space 183296K, 99% used [0x0000000080000000,0x000000008b2eeb60,0x000000008b300000)
 Metaspace       used 92715K, capacity 96906K, committed 97792K, reserved 1134592K
  class space    used 11950K, capacity 12832K, committed 13056K, reserved 1048576K
}
Event: 148.702 GC heap before
{Heap before GC invocations=27 (full 8):
 PSYoungGen      total 528896K, used 474624K [0x00000000d5580000, 0x00000000f8f00000, 0x0000000100000000)
  eden space 474624K, 100% used [0x00000000d5580000,0x00000000f2500000,0x00000000f2500000)
  from space 54272K, 0% used [0x00000000f2500000,0x00000000f2500000,0x00000000f5a00000)
  to   space 49152K, 0% used [0x00000000f5b00000,0x00000000f5b00000,0x00000000f8b00000)
 ParOldGen       total 183296K, used 183226K [0x0000000080000000, 0x000000008b300000, 0x00000000d5580000)
  object space 183296K, 99% used [0x0000000080000000,0x000000008b2eeb60,0x000000008b300000)
 Metaspace       used 93620K, capacity 98102K, committed 98304K, reserved 1134592K
  class space    used 12064K, capacity 12996K, committed 13056K, reserved 1048576K
Event: 150.123 GC heap after
Heap after GC invocations=27 (full 8):
 PSYoungGen      total 528896K, used 53057K [0x00000000d5580000, 0x00000000f8f00000, 0x0000000100000000)
  eden space 474624K, 11% used [0x00000000d5580000,0x00000000d89504f0,0x00000000f2500000)
  from space 54272K, 0% used [0x00000000f2500000,0x00000000f2500000,0x00000000f5a00000)
  to   space 49152K, 0% used [0x00000000f5b00000,0x00000000f5b00000,0x00000000f8b00000)
 ParOldGen       total 183296K, used 183009K [0x0000000080000000, 0x000000008b300000, 0x00000000d5580000)
  object space 183296K, 99% used [0x0000000080000000,0x000000008b2b86c8,0x000000008b300000)
 Metaspace       used 93604K, capacity 98062K, committed 98304K, reserved 1134592K
  class space    used 12058K, capacity 12986K, committed 13056K, reserved 1048576K
}
Event: 151.125 GC heap before
{Heap before GC invocations=28 (full 9):
 PSYoungGen      total 528896K, used 474624K [0x00000000d5580000, 0x00000000f8f00000, 0x0000000100000000)
  eden space 474624K, 100% used [0x00000000d5580000,0x00000000f2500000,0x00000000f2500000)
  from space 54272K, 0% used [0x00000000f2500000,0x00000000f2500000,0x00000000f5a00000)
  to   space 49152K, 0% used [0x00000000f5b00000,0x00000000f5b00000,0x00000000f8b00000)
 ParOldGen       total 183296K, used 183009K [0x0000000080000000, 0x000000008b300000, 0x00000000d5580000)
  object space 183296K, 99% used [0x0000000080000000,0x000000008b2b86c8,0x000000008b300000)
 Metaspace       used 93606K, capacity 98062K, committed 98304K, reserved 1134592K
  class space    used 12058K, capacity 12986K, committed 13056K, reserved 1048576K
Event: 151.998 GC heap after
Heap after GC invocations=28 (full 9):
 PSYoungGen      total 528896K, used 52607K [0x00000000d5580000, 0x00000000f8f00000, 0x0000000100000000)
  eden space 474624K, 11% used [0x00000000d5580000,0x00000000d88dfc80,0x00000000f2500000)
  from space 54272K, 0% used [0x00000000f2500000,0x00000000f2500000,0x00000000f5a00000)
  to   space 49152K, 0% used [0x00000000f5b00000,0x00000000f5b00000,0x00000000f8b00000)
 ParOldGen       total 183296K, used 183009K [0x0000000080000000, 0x000000008b300000, 0x00000000d5580000)
  object space 183296K, 99% used [0x0000000080000000,0x000000008b2b85d8,0x000000008b300000)
 Metaspace       used 93606K, capacity 98062K, committed 98304K, reserved 1134592K
  class space    used 12058K, capacity 12986K, committed 13056K, reserved 1048576K
}
Event: 156.182 GC heap before
{Heap before GC invocations=29 (full 10):
 PSYoungGen      total 528896K, used 474624K [0x00000000d5580000, 0x00000000f8f00000, 0x0000000100000000)
  eden space 474624K, 100% used [0x00000000d5580000,0x00000000f2500000,0x00000000f2500000)
  from space 54272K, 0% used [0x00000000f2500000,0x00000000f2500000,0x00000000f5a00000)
  to   space 49152K, 0% used [0x00000000f5b00000,0x00000000f5b00000,0x00000000f8b00000)
 ParOldGen       total 183296K, used 183009K [0x0000000080000000, 0x000000008b300000, 0x00000000d5580000)
  object space 183296K, 99% used [0x0000000080000000,0x000000008b2b85d8,0x000000008b300000)
 Metaspace       used 94665K, capacity 99232K, committed 99456K, reserved 1136640K
  class space    used 12200K, capacity 13149K, committed 13184K, reserved 1048576K
Event: 158.134 GC heap after
Heap after GC invocations=29 (full 10):
 PSYoungGen      total 528896K, used 39750K [0x00000000d5580000, 0x00000000f8f00000, 0x0000000100000000)
  eden space 474624K, 8% used [0x00000000d5580000,0x00000000d7c51bf8,0x00000000f2500000)
  from space 54272K, 0% used [0x00000000f2500000,0x00000000f2500000,0x00000000f5a00000)
  to   space 49152K, 0% used [0x00000000f5b00000,0x00000000f5b00000,0x00000000f8b00000)
 ParOldGen       total 183296K, used 183282K [0x0000000080000000, 0x000000008b300000, 0x00000000d5580000)
  object space 183296K, 99% used [0x0000000080000000,0x000000008b2fcae8,0x000000008b300000)
 Metaspace       used 94659K, capacity 99220K, committed 99456K, reserved 1136640K
  class space    used 12198K, capacity 13145K, committed 13184K, reserved 1048576K
}
Event: 163.254 GC heap before
{Heap before GC invocations=30 (full 11):
 PSYoungGen      total 528896K, used 474624K [0x00000000d5580000, 0x00000000f8f00000, 0x0000000100000000)
  eden space 474624K, 100% used [0x00000000d5580000,0x00000000f2500000,0x00000000f2500000)
  from space 54272K, 0% used [0x00000000f2500000,0x00000000f2500000,0x00000000f5a00000)
  to   space 49152K, 0% used [0x00000000f5b00000,0x00000000f5b00000,0x00000000f8b00000)
 ParOldGen       total 183296K, used 183282K [0x0000000080000000, 0x000000008b300000, 0x00000000d5580000)
  object space 183296K, 99% used [0x0000000080000000,0x000000008b2fcae8,0x000000008b300000)
 Metaspace       used 94821K, capacity 99348K, committed 99456K, reserved 1136640K
  class space    used 12198K, capacity 13145K, committed 13184K, reserved 1048576K
Event: 164.308 GC heap after
Heap after GC invocations=30 (full 11):
 PSYoungGen      total 528896K, used 10900K [0x00000000d5580000, 0x00000000f8f00000, 0x0000000100000000)
  eden space 474624K, 2% used [0x00000000d5580000,0x00000000d6025170,0x00000000f2500000)
  from space 54272K, 0% used [0x00000000f2500000,0x00000000f2500000,0x00000000f5a00000)
  to   space 49152K, 0% used [0x00000000f5b00000,0x00000000f5b00000,0x00000000f8b00000)
 ParOldGen       total 183296K, used 174011K [0x0000000080000000, 0x000000008b300000, 0x00000000d5580000)
  object space 183296K, 94% used [0x0000000080000000,0x000000008a9eec78,0x000000008b300000)
 Metaspace       used 94821K, capacity 99348K, committed 99456K, reserved 1136640K
  class space    used 12198K, capacity 13145K, committed 13184K, reserved 1048576K
}

Deoptimization events (10 events):
Event: 165.423 Thread 0x000000001a2b0800 Uncommon trap: reason=unstable_if action=reinterpret pc=0x00000000050bd0c0 method=java.util.concurrent.ForkJoinPool.externalPush(Ljava/util/concurrent/ForkJoinTask;)V @ 47
Event: 165.434 Thread 0x000000001a2b0800 Uncommon trap: reason=bimorphic action=maybe_recompile pc=0x0000000006db47d4 method=com.google.common.collect.TransformedIterator.next()Ljava/lang/Object; @ 10
Event: 165.434 Thread 0x000000001a2b0800 Uncommon trap: reason=bimorphic action=maybe_recompile pc=0x0000000006db47d4 method=com.google.common.collect.TransformedIterator.next()Ljava/lang/Object; @ 10
Event: 165.677 Thread 0x000000001a2b0800 Uncommon trap: reason=speculate_class_check action=maybe_recompile pc=0x0000000005579e70 method=sun.nio.ch.IOUtil.writeFromNativeBuffer(Ljava/io/FileDescriptor;Ljava/nio/ByteBuffer;JLsun/nio/ch/NativeDispatcher;)I @ 100
Event: 165.678 Thread 0x000000001a2b0800 Uncommon trap: reason=speculate_class_check action=maybe_recompile pc=0x0000000005579e70 method=sun.nio.ch.IOUtil.writeFromNativeBuffer(Ljava/io/FileDescriptor;Ljava/nio/ByteBuffer;JLsun/nio/ch/NativeDispatcher;)I @ 100
Event: 165.678 Thread 0x000000001a2b0800 Uncommon trap: reason=speculate_class_check action=maybe_recompile pc=0x0000000005579e70 method=sun.nio.ch.IOUtil.writeFromNativeBuffer(Ljava/io/FileDescriptor;Ljava/nio/ByteBuffer;JLsun/nio/ch/NativeDispatcher;)I @ 100
Event: 165.678 Thread 0x000000001a2b0800 Uncommon trap: reason=speculate_class_check action=maybe_recompile pc=0x0000000005579e70 method=sun.nio.ch.IOUtil.writeFromNativeBuffer(Ljava/io/FileDescriptor;Ljava/nio/ByteBuffer;JLsun/nio/ch/NativeDispatcher;)I @ 100
Event: 165.837 Thread 0x000000001a2b0800 Uncommon trap: reason=speculate_class_check action=maybe_recompile pc=0x00000000068fbb9c method=sun.nio.ch.IOUtil.writeFromNativeBuffer(Ljava/io/FileDescriptor;Ljava/nio/ByteBuffer;JLsun/nio/ch/NativeDispatcher;)I @ 100
Event: 165.837 Thread 0x000000001a2b0800 Uncommon trap: reason=speculate_class_check action=maybe_recompile pc=0x00000000068fbb9c method=sun.nio.ch.IOUtil.writeFromNativeBuffer(Ljava/io/FileDescriptor;Ljava/nio/ByteBuffer;JLsun/nio/ch/NativeDispatcher;)I @ 100
Event: 166.110 Thread 0x0000000019fa7800 Uncommon trap: reason=unstable_if action=reinterpret pc=0x000000000449d0c0 method=java.util.zip.Deflater.needsInput()Z @ 11

Classes redefined (0 events):
No events

Internal exceptions (10 events):
Event: 164.831 Thread 0x000000001a2a6000 Implicit null exception at 0x0000000004ced08c to 0x0000000004ced0d1
Event: 164.953 Thread 0x000000001a2a6000 Exception <a 'java/lang/NoSuchMethodError': <clinit>> (0x00000000d689ffb8) thrown at [C:\src\AOSP-openjdk-git\hotspot\src\share\vm\prims\jni.cpp, line 1615]
Event: 164.953 Thread 0x000000001a2a6000 Exception <a 'java/lang/NoSuchMethodError': <clinit>> (0x00000000d68a4840) thrown at [C:\src\AOSP-openjdk-git\hotspot\src\share\vm\prims\jni.cpp, line 1615]
Event: 165.122 Thread 0x000000001a2b0800 Exception <a 'java/lang/NoSuchMethodError': java.lang.Object.lambda$asRunnable$0(Lcom/android/tools/build/apkzlib/utils/IOExceptionRunnable;)V> (0x00000000d6e63288) thrown at [C:\src\AOSP-openjdk-git\hotspot\src\share\vm\interpreter\linkResolver.cpp, line
Event: 165.295 Thread 0x000000001a2b0800 Exception <a 'java/lang/NoSuchMethodError': java.lang.Object.newSystemTemporaryDirectory()Lcom/android/tools/build/apkzlib/bytestorage/TemporaryDirectory;> (0x00000000d71ebc80) thrown at [C:\src\AOSP-openjdk-git\hotspot\src\share\vm\interpreter\linkResolv
Event: 165.386 Thread 0x000000001a2b0800 Exception <a 'sun/nio/fs/WindowsException'> (0x00000000d7372d70) thrown at [C:\src\AOSP-openjdk-git\hotspot\src\share\vm\prims\jni.cpp, line 710]
Event: 165.386 Thread 0x000000001a2b0800 Exception <a 'sun/nio/fs/WindowsException'> (0x00000000d7373270) thrown at [C:\src\AOSP-openjdk-git\hotspot\src\share\vm\prims\jni.cpp, line 710]
Event: 165.398 Thread 0x000000001a2b0800 Exception <a 'java/lang/NoSuchMethodError': java.lang.Object.lambda$static$0(Lcom/android/apksig/util/RunnablesProvider;)V> (0x00000000d73ccfe0) thrown at [C:\src\AOSP-openjdk-git\hotspot\src\share\vm\interpreter\linkResolver.cpp, line 620]
Event: 166.157 Thread 0x000000001a2b0800 Exception <a 'java/lang/OutOfMemoryError'> (0x00000000d9da51b8) thrown at [C:\src\AOSP-openjdk-git\hotspot\src\share\vm\prims\jni.cpp, line 737]
Event: 166.158 Thread 0x000000001a2b0800 Exception <a 'java/lang/OutOfMemoryError'> (0x00000000d9da55a8) thrown at [C:\src\AOSP-openjdk-git\hotspot\src\share\vm\prims\jni.cpp, line 737]

Events (10 events):
Event: 166.110 Thread 0x0000000019fa7800 DEOPT PACKING pc=0x000000000449d0c0 sp=0x000000002710f300
Event: 166.110 Thread 0x0000000019fa7800 DEOPT UNPACKING pc=0x000000000339557b sp=0x000000002710f2b8 mode 2
Event: 166.158 loading class com/google/common/collect/Maps$IteratorBasedAbstractMap$1
Event: 166.158 loading class com/google/common/collect/Maps$IteratorBasedAbstractMap$1 done
Event: 166.162 loading class com/google/common/collect/HashBiMap$1
Event: 166.162 loading class com/google/common/collect/HashBiMap$1 done
Event: 166.162 loading class com/google/common/collect/HashBiMap$Itr
Event: 166.162 loading class com/google/common/collect/HashBiMap$Itr done
Event: 166.164 loading class com/google/common/collect/HashBiMap$1$MapEntry
Event: 166.164 loading class com/google/common/collect/HashBiMap$1$MapEntry done


Dynamic libraries:
0x00007ff7a0450000 - 0x00007ff7a0481000 	D:\Program Files\AndroidStudio\jre\bin\java.exe
0x00007ffb24d70000 - 0x00007ffb24f66000 	C:\WINDOWS\SYSTEM32\ntdll.dll
0x00007ffb23420000 - 0x00007ffb234dd000 	C:\WINDOWS\System32\KERNEL32.DLL
0x00007ffb22620000 - 0x00007ffb228e9000 	C:\WINDOWS\System32\KERNELBASE.dll
0x00007ffb24020000 - 0x00007ffb240cc000 	C:\WINDOWS\System32\ADVAPI32.dll
0x00007ffb23540000 - 0x00007ffb235de000 	C:\WINDOWS\System32\msvcrt.dll
0x00007ffb24c90000 - 0x00007ffb24d2c000 	C:\WINDOWS\System32\sechost.dll
0x00007ffb22dd0000 - 0x00007ffb22efb000 	C:\WINDOWS\System32\RPCRT4.dll
0x00007ffb23c10000 - 0x00007ffb23db0000 	C:\WINDOWS\System32\USER32.dll
0x00007ffb22560000 - 0x00007ffb22582000 	C:\WINDOWS\System32\win32u.dll
0x00007ffb22f00000 - 0x00007ffb22f2a000 	C:\WINDOWS\System32\GDI32.dll
0x00007ffb22a40000 - 0x00007ffb22b4b000 	C:\WINDOWS\System32\gdi32full.dll
0x00007ffb22cb0000 - 0x00007ffb22d4d000 	C:\WINDOWS\System32\msvcp_win.dll
0x00007ffb22940000 - 0x00007ffb22a40000 	C:\WINDOWS\System32\ucrtbase.dll
0x00007ffafed60000 - 0x00007ffafeffb000 	C:\WINDOWS\WinSxS\amd64_microsoft.windows.common-controls_6595b64144ccf1df_6.0.19041.746_none_ca02b4b61b8320a4\COMCTL32.dll
0x00007ffb23390000 - 0x00007ffb233c0000 	C:\WINDOWS\System32\IMM32.DLL
0x000000005b830000 - 0x000000005b902000 	D:\Program Files\AndroidStudio\jre\jre\bin\msvcr100.dll
0x000000005b9f0000 - 0x000000005c23b000 	D:\Program Files\AndroidStudio\jre\jre\bin\server\jvm.dll
0x00007ffb23250000 - 0x00007ffb23258000 	C:\WINDOWS\System32\PSAPI.DLL
0x00007ffb02400000 - 0x00007ffb02427000 	C:\WINDOWS\SYSTEM32\WINMM.dll
0x00007ffb0c7c0000 - 0x00007ffb0c7ca000 	C:\WINDOWS\SYSTEM32\VERSION.dll
0x00007ffb09980000 - 0x00007ffb09989000 	C:\WINDOWS\SYSTEM32\WSOCK32.dll
0x00007ffb23050000 - 0x00007ffb230bb000 	C:\WINDOWS\System32\WS2_32.dll
0x00007ffb10a50000 - 0x00007ffb10a5f000 	D:\Program Files\AndroidStudio\jre\jre\bin\verify.dll
0x00007ffb0f350000 - 0x00007ffb0f379000 	D:\Program Files\AndroidStudio\jre\jre\bin\java.dll
0x00007ffb10770000 - 0x00007ffb10786000 	D:\Program Files\AndroidStudio\jre\jre\bin\zip.dll
0x00007ffb240d0000 - 0x00007ffb24813000 	C:\WINDOWS\System32\SHELL32.dll
0x00007ffb20610000 - 0x00007ffb20d9f000 	C:\WINDOWS\SYSTEM32\windows.storage.dll
0x00007ffb23750000 - 0x00007ffb23aa6000 	C:\WINDOWS\System32\combase.dll
0x00007ffb21ea0000 - 0x00007ffb21ecc000 	C:\WINDOWS\SYSTEM32\Wldp.dll
0x00007ffb23f60000 - 0x00007ffb2400e000 	C:\WINDOWS\System32\SHCORE.dll
0x00007ffb233c0000 - 0x00007ffb23415000 	C:\WINDOWS\System32\shlwapi.dll
0x00007ffb223e0000 - 0x00007ffb22406000 	C:\WINDOWS\SYSTEM32\profapi.dll
0x00007ffb0d990000 - 0x00007ffb0d9aa000 	D:\Program Files\AndroidStudio\jre\jre\bin\net.dll
0x00007ffb21c20000 - 0x00007ffb21c8a000 	C:\WINDOWS\system32\mswsock.dll
0x00007ffb0d970000 - 0x00007ffb0d983000 	D:\Program Files\AndroidStudio\jre\jre\bin\nio.dll
0x00007ffb1c640000 - 0x00007ffb1c666000 	C:\Users\homaw\.gradle\native\31\windows-amd64\native-platform.dll
0x00007ffb10a40000 - 0x00007ffb10a4d000 	D:\Program Files\AndroidStudio\jre\jre\bin\management.dll
0x00007ffb21df0000 - 0x00007ffb21e08000 	C:\WINDOWS\SYSTEM32\CRYPTSP.dll
0x00007ffb21560000 - 0x00007ffb21594000 	C:\WINDOWS\system32\rsaenh.dll
0x00007ffb225f0000 - 0x00007ffb22617000 	C:\WINDOWS\System32\bcrypt.dll
0x00007ffb223a0000 - 0x00007ffb223ce000 	C:\WINDOWS\SYSTEM32\USERENV.dll
0x00007ffb22d50000 - 0x00007ffb22dd0000 	C:\WINDOWS\System32\bcryptprimitives.dll
0x00007ffb21e10000 - 0x00007ffb21e1c000 	C:\WINDOWS\SYSTEM32\CRYPTBASE.dll
0x00007ffb218b0000 - 0x00007ffb218eb000 	C:\WINDOWS\SYSTEM32\IPHLPAPI.DLL
0x00007ffb24010000 - 0x00007ffb24018000 	C:\WINDOWS\System32\NSI.dll
0x00007ffb1a670000 - 0x00007ffb1a687000 	C:\WINDOWS\SYSTEM32\dhcpcsvc6.DLL
0x00007ffb1aaf0000 - 0x00007ffb1ab0d000 	C:\WINDOWS\SYSTEM32\dhcpcsvc.DLL
0x00007ffb218f0000 - 0x00007ffb219bb000 	C:\WINDOWS\SYSTEM32\DNSAPI.dll

VM Arguments:
jvm_args: -Xmx2048m -Dfile.encoding=windows-1252 -Duser.country=FR -Duser.language=fr -Duser.variant 
java_command: org.gradle.launcher.daemon.bootstrap.GradleDaemon 6.1.1
java_class_path (initial): C:\Users\homaw\.gradle\wrapper\dists\gradle-6.1.1-all\cfmwm155h49vnt3hynmlrsdst\gradle-6.1.1\lib\gradle-launcher-6.1.1.jar
Launcher Type: SUN_STANDARD

Environment Variables:
PATH=C:\Windows\System32;C:\Windows;C:\Windows\System32\wbem;C:\Windows\System32\WindowsPowerShell\v1.0\;C:\Windows\System32\OpenSSH\;C:\Program Files\Inkscape\bin;C:\SD\Program Files\nodejs\;C:\Program Files\Git\cmd;D:\Program Files\Git\cmd;C:\Program Files\dotnet\;D:\Program Files\Python\Scripts\;D:\Program Files\Python\;C:\Users\homaw\AppData\Local\Microsoft\WindowsApps;D:\Program Files\Microsoft VS Code\bin;D:\Program Files\java jdk\bin;D:\Program Files\ffmpeg\bin;D:\Program Files\gcc\bin;D:\Program Files\GnuWin32\bin;D:\Program Files\PyCharm Community Edition 2019.3.1\bin;D:\Program Files\Nmap;D:\Program Files\IntelliJ IDEA Community Edition 2020.1.2\bin;D:\Program Files\Git\bin;D:\Serveur\mysql\bin;D:\Program Files\Inno Setup 6;D:\Program Files\Git\bin;C:\Users\homaw\AppData\Roaming\npm;D:\Program Files\Sublime Text 3;C:\Users\homaw\AppData\Local\GitHubDesktop\bin
USERNAME=homaw
OS=Windows_NT
PROCESSOR_IDENTIFIER=Intel64 Family 6 Model 142 Stepping 9, GenuineIntel



---------------  S Y S T E M  ---------------

OS: Windows 10.0 , 64 bit Build 19041 (10.0.19041.662)

CPU:total 4 (initial active 4) (2 cores per cpu, 2 threads per core) family 6 model 142 stepping 9, cmov, cx8, fxsr, mmx, sse, sse2, sse3, ssse3, sse4.1, sse4.2, popcnt, aes, clmul, erms, 3dnowpref, lzcnt, ht, tsc, tscinvbit

Memory: 4k page, physical 4076004k(203344k free), swap 11391460k(5592k free)

vm_info: OpenJDK 64-Bit Server VM (25.242-b01) for windows-amd64 JRE (1.8.0_242-release-1644-b01), built by "builder" with MS VC++ 10.0 (VS2010)

time: Mon Jan 18 11:19:06 2021
timezone: Temps universel coordonné
elapsed time: 166 seconds (0d 0h 2m 46s)

