#
# There is insufficient memory for the Java Runtime Environment to continue.
# Native memory allocation (malloc) failed to allocate 4088 bytes for AllocateHeap
# Possible reasons:
#   The system is out of physical RAM or swap space
#   The process is running with CompressedOops enabled, and the Java Heap may be blocking the growth of the native heap
# Possible solutions:
#   Reduce memory load on the system
#   Increase physical memory or swap space
#   Check if swap backing store is full
#   Decrease Java heap size (-Xmx/-Xms)
#   Decrease number of Java threads
#   Decrease Java thread stack sizes (-Xss)
#   Set larger code cache with -XX:ReservedCodeCacheSize=
#   JVM is running with Unscaled Compressed Oops mode in which the Java heap is
#     placed in the first 4GB address space. The Java Heap base address is the
#     maximum limit for the native heap growth. Please use -XX:HeapBaseMinAddress
#     to set the Java Heap base and to place the Java Heap above 4GB virtual address.
# This output file may be truncated or incomplete.
#
#  Out of Memory Error (memory/allocation.inline.hpp:61), pid=7816, tid=0x0000000000003ccc
#
# JRE version: OpenJDK Runtime Environment (8.0_242-b01) (build 1.8.0_242-release-1644-b01)
# Java VM: OpenJDK 64-Bit Server VM (25.242-b01 mixed mode windows-amd64 compressed oops)
# Failed to write core dump. Minidumps are not enabled by default on client versions of Windows
#

---------------  T H R E A D  ---------------

Current thread (0x000000000254a800):  GCTaskThread [stack: 0x0000000012360000,0x0000000012460000] [id=15564]

Stack: [0x0000000012360000,0x0000000012460000]
[error occurred during error reporting (printing stack bounds), id 0xc0000005]

Native frames: (J=compiled Java code, j=interpreted, Vv=VM code, C=native code)


---------------  P R O C E S S  ---------------

Java Threads: ( => current thread )
  0x000000001959a800 JavaThread "ForkJoinPool.commonPool-worker-0" daemon [_thread_blocked, id=17060, stack(0x00000000304a0000,0x00000000305a0000)]
  0x0000000019599800 JavaThread "ForkJoinPool.commonPool-worker-3" daemon [_thread_blocked, id=2624, stack(0x000000001f470000,0x000000001f570000)]
  0x0000000020131800 JavaThread "WorkerExecutor Queue Thread 8" [_thread_blocked, id=5576, stack(0x00000000307a0000,0x00000000308a0000)]
  0x0000000020130800 JavaThread "WorkerExecutor Queue Thread 7" [_thread_blocked, id=12912, stack(0x000000002bd30000,0x000000002be30000)]
  0x0000000020138000 JavaThread "Cache worker for Java compile cache (E:\Android_project\SignalAppscmdParflorent\.gradle\6.1.1\javaCompile)" [_thread_blocked, id=9200, stack(0x0000000029a30000,0x0000000029b30000)]
  0x000000002013c800 JavaThread "WorkerExecutor Queue Thread 6" [_thread_blocked, id=17168, stack(0x0000000029b30000,0x0000000029c30000)]
  0x0000000020139800 JavaThread "stdout" [_thread_in_native, id=13576, stack(0x000000002cac0000,0x000000002cbc0000)]
  0x000000002013e000 JavaThread "stderr" [_thread_in_native, id=12864, stack(0x000000002c770000,0x000000002c870000)]
  0x0000000020137800 JavaThread "stdout" [_thread_in_native, id=15984, stack(0x000000002c670000,0x000000002c770000)]
  0x0000000020139000 JavaThread "stderr" [_thread_in_native, id=16936, stack(0x000000002c570000,0x000000002c670000)]
  0x000000002013b000 JavaThread "stdout" [_thread_in_native, id=17068, stack(0x000000002c470000,0x000000002c570000)]
  0x000000002013c000 JavaThread "stderr" [_thread_in_native, id=7548, stack(0x000000002c370000,0x000000002c470000)]
  0x000000002013d800 JavaThread "stdout" [_thread_in_native, id=2648, stack(0x000000002c030000,0x000000002c130000)]
  0x0000000020130000 JavaThread "stderr" [_thread_in_native, id=6264, stack(0x000000002bf30000,0x000000002c030000)]
  0x0000000020136800 JavaThread "pool-41-thread-1" [_thread_blocked, id=10076, stack(0x000000002be30000,0x000000002bf30000)]
  0x000000002b2bb000 JavaThread "WorkerExecutor Queue" [_thread_blocked, id=5924, stack(0x0000000027a80000,0x0000000027b80000)]
  0x000000002b2ba000 JavaThread "Cache worker for execution history cache (E:\Android_project\SignalAppscmdParflorent\.gradle\6.1.1\executionHistory)" [_thread_blocked, id=3972, stack(0x0000000027e30000,0x0000000027f30000)]
  0x000000002b2b8800 JavaThread "Execution worker for ':' Thread 3" [_thread_blocked, id=15416, stack(0x0000000027580000,0x0000000027680000)]
  0x000000002b2b8000 JavaThread "Execution worker for ':' Thread 2" [_thread_blocked, id=1200, stack(0x0000000026d80000,0x0000000026e80000)]
  0x000000002b2b9800 JavaThread "Execution worker for ':'" [_thread_blocked, id=6768, stack(0x0000000026a80000,0x0000000026b80000)]
  0x000000002b2b0800 JavaThread "Cache worker for file content cache (E:\Android_project\SignalAppscmdParflorent\.gradle\6.1.1\fileContent)" [_thread_blocked, id=10672, stack(0x0000000024a80000,0x0000000024b80000)]
  0x000000002b2b3800 JavaThread "Cache worker for Build Output Cleanup Cache (E:\Android_project\SignalAppscmdParflorent\.gradle\buildOutputCleanup)" [_thread_blocked, id=7856, stack(0x00000000246f0000,0x00000000247f0000)]
  0x000000002b2b2800 JavaThread "Build operations Thread 4" [_thread_blocked, id=7388, stack(0x0000000023570000,0x0000000023670000)]
  0x000000002b2b5800 JavaThread "Build operations Thread 3" [_thread_blocked, id=14924, stack(0x0000000021db0000,0x0000000021eb0000)]
  0x000000002b2b7000 JavaThread "Build operations Thread 2" [_thread_blocked, id=4708, stack(0x0000000021cb0000,0x0000000021db0000)]
  0x000000002b2b5000 JavaThread "Build operations" [_thread_blocked, id=7760, stack(0x0000000021bb0000,0x0000000021cb0000)]
  0x000000002b2af800 JavaThread "Cache worker for cache directory md-rule (C:\Users\homaw\.gradle\caches\6.1.1\md-rule)" [_thread_blocked, id=15264, stack(0x0000000021ab0000,0x0000000021bb0000)]
  0x000000001de04800 JavaThread "Cache worker for cache directory md-supplier (C:\Users\homaw\.gradle\caches\6.1.1\md-supplier)" [_thread_blocked, id=16264, stack(0x00000000219b0000,0x0000000021ab0000)]
  0x000000001ddfb800 JavaThread "Cache worker for file hash cache (E:\Android_project\SignalAppscmdParflorent\.gradle\6.1.1\fileHashes)" [_thread_blocked, id=16992, stack(0x0000000020cb0000,0x0000000020db0000)]
  0x000000001de01800 JavaThread "Cache worker for checksums cache (E:\Android_project\SignalAppscmdParflorent\.gradle\checksums)" [_thread_blocked, id=12276, stack(0x0000000020ab0000,0x0000000020bb0000)]
  0x000000001de01000 JavaThread "Thread-414" [_thread_blocked, id=16604, stack(0x000000001f770000,0x000000001f870000)]
  0x000000001ddfb000 JavaThread "Asynchronous log dispatcher for DefaultDaemonConnection: socket connection from /127.0.0.1:1362 to /127.0.0.1:2271" [_thread_blocked, id=16772, stack(0x000000001c8d0000,0x000000001c9d0000)]
  0x000000001ddfd000 JavaThread "Daemon worker Thread 16" [_thread_blocked, id=11172, stack(0x000000001c7d0000,0x000000001c8d0000)]
  0x000000001ddfa000 JavaThread "Cancel handler" [_thread_blocked, id=14816, stack(0x000000001c4d0000,0x000000001c5d0000)]
  0x000000001ddf8800 JavaThread "Handler for socket connection from /127.0.0.1:1362 to /127.0.0.1:2271" [_thread_in_native, id=17356, stack(0x000000001c3d0000,0x000000001c4d0000)]
  0x000000001ddfe800 JavaThread "Daemon Thread 16" [_thread_blocked, id=15496, stack(0x0000000000b30000,0x0000000000c30000)]
  0x0000000019596800 JavaThread "MarlinRenderer Disposer" daemon [_thread_blocked, id=15460, stack(0x000000002a560000,0x000000002a660000)]
  0x000000001959b000 JavaThread "Java2D Disposer" daemon [_thread_blocked, id=1716, stack(0x000000001cbd0000,0x000000001ccd0000)]
  0x0000000020133800 JavaThread "Cache worker for Java compile cache (C:\Users\homaw\.gradle\caches\6.1.1\javaCompile)" [_thread_blocked, id=13500, stack(0x0000000026e80000,0x0000000026f80000)]
  0x00000000198f1800 JavaThread "Cache worker for file content cache (C:\Users\homaw\.gradle\caches\6.1.1\fileContent)" [_thread_blocked, id=13036, stack(0x0000000024390000,0x0000000024490000)]
  0x00000000198ee800 JavaThread "Memory manager" [_thread_blocked, id=7204, stack(0x0000000024090000,0x0000000024190000)]
  0x00000000198f0000 JavaThread "Cache worker for execution history cache (C:\Users\homaw\.gradle\caches\6.1.1\executionHistory)" [_thread_blocked, id=13212, stack(0x0000000020bb0000,0x0000000020cb0000)]
  0x00000000198f3000 JavaThread "Cache worker for file hash cache (C:\Users\homaw\.gradle\caches\6.1.1\fileHashes)" [_thread_blocked, id=12888, stack(0x000000001d0d0000,0x000000001d1d0000)]
  0x00000000198f3800 JavaThread "File lock request listener" [_thread_in_native, id=1440, stack(0x000000001cfd0000,0x000000001d0d0000)]
  0x000000001a153800 JavaThread "Cache worker for journal cache (C:\Users\homaw\.gradle\caches\journal-1)" [_thread_blocked, id=512, stack(0x000000001ced0000,0x000000001cfd0000)]
  0x0000000019c17800 JavaThread "Daemon periodic checks" [_thread_blocked, id=8056, stack(0x000000001c2d0000,0x000000001c3d0000)]
  0x000000001a0ef000 JavaThread "Incoming local TCP Connector on port 1362" [_thread_in_native, id=13008, stack(0x000000001c060000,0x000000001c160000)]
  0x00000000193eb000 JavaThread "Daemon health stats" [_thread_blocked, id=16036, stack(0x000000001ba20000,0x000000001bb20000)]
  0x0000000018cb3000 JavaThread "Service Thread" daemon [_thread_blocked, id=16424, stack(0x0000000019080000,0x0000000019180000)]
  0x000000001731c800 JavaThread "C1 CompilerThread2" daemon [_thread_blocked, id=12700, stack(0x0000000018b80000,0x0000000018c80000)]
  0x000000001730b000 JavaThread "C2 CompilerThread1" daemon [_thread_blocked, id=8460, stack(0x0000000018a80000,0x0000000018b80000)]
  0x0000000017309000 JavaThread "C2 CompilerThread0" daemon [_thread_blocked, id=15456, stack(0x0000000018980000,0x0000000018a80000)]
  0x0000000017307000 JavaThread "Attach Listener" daemon [_thread_blocked, id=6948, stack(0x0000000018880000,0x0000000018980000)]
  0x0000000017302800 JavaThread "Signal Dispatcher" daemon [_thread_blocked, id=2440, stack(0x0000000018780000,0x0000000018880000)]
  0x000000000262a000 JavaThread "Finalizer" daemon [_thread_blocked, id=10892, stack(0x0000000018550000,0x0000000018650000)]
  0x0000000002621000 JavaThread "Reference Handler" daemon [_thread_blocked, id=12736, stack(0x0000000018450000,0x0000000018550000)]
  0x00000000026de800 JavaThread "main" [_thread_blocked, id=1448, stack(0x0000000000c30000,0x0000000000d30000)]

Other Threads:
  0x00000000172c6800 VMThread [stack: 0x0000000018350000,0x0000000018450000] [id=11556]
  0x0000000018cb3800 WatcherThread [stack: 0x0000000019180000,0x0000000019280000] [id=14216]

=>0x000000000254a800 (exited) GCTaskThread [stack: 0x0000000012360000,0x0000000012460000] [id=15564]

VM state:at safepoint (normal execution)

VM Mutex/Monitor currently owned by a thread:  ([mutex/lock_event])
[0x00000000026dce30] Threads_lock - owner thread: 0x00000000172c6800
[0x00000000026dd5b0] Heap_lock - owner thread: 0x000000002b2bb000

heap address: 0x0000000080000000, size: 2048 MB, Compressed Oops mode: 32-bit
Narrow klass base: 0x0000000000000000, Narrow klass shift: 3
Compressed class space size: 1073741824 Address: 0x0000000100000000

Heap:
 PSYoungGen      total 520704K, used 520573K [0x00000000d5580000, 0x0000000100000000, 0x0000000100000000)
  eden space 393728K, 100% used [0x00000000d5580000,0x00000000ed600000,0x00000000ed600000)
  from space 126976K, 99% used [0x00000000ed600000,0x00000000f51df758,0x00000000f5200000)
  to   space 166912K, 25% used [0x00000000f5d00000,0x00000000f8608ab0,0x0000000100000000)
 ParOldGen       total 422912K, used 422906K [0x0000000080000000, 0x0000000099d00000, 0x00000000d5580000)
  object space 422912K, 99% used [0x0000000080000000,0x0000000099cfebe8,0x0000000099d00000)
 Metaspace       used 165512K, capacity 175822K, committed 175912K, reserved 1202176K
  class space    used 20634K, capacity 22507K, committed 22568K, reserved 1048576K

Card table byte_map: [0x0000000011aa0000,0x0000000011eb0000] byte_map_base: 0x00000000116a0000

Marking Bits: (ParMarkBitMap*) 0x000000005c1bf030
 Begin Bits: [0x0000000012560000, 0x0000000014560000)
 End Bits:   [0x0000000014560000, 0x0000000016560000)

Polling page: 0x00000000003f0000

CodeCache: size=245760Kb used=99928Kb max_used=101574Kb free=145831Kb
 bounds [0x00000000026e0000, 0x0000000008b20000, 0x00000000116e0000]
 total_blobs=29644 nmethods=28524 adapters=1032
 compilation: enabled

Compilation events (10 events):
Event: 17760.125 Thread 0x0000000017309000 41027       4       com.google.common.collect.ImmutableCollection$Builder::addAll (34 bytes)
Event: 17760.130 Thread 0x0000000017309000 nmethod 41027 0x0000000006e4b1d0 code [0x0000000006e4b340, 0x0000000006e4b4d8]
Event: 17760.180 Thread 0x000000001730b000 41028   !   4       com.google.common.io.Closer::close (91 bytes)
Event: 17760.190 Thread 0x000000001730b000 nmethod 41028 0x0000000006e4aa50 code [0x0000000006e4abc0, 0x0000000006e4ae98]
Event: 17760.222 Thread 0x0000000017309000 41029       4       com.google.common.io.ByteStreams::copy (51 bytes)
Event: 17760.228 Thread 0x0000000017309000 nmethod 41029 0x0000000006d98310 code [0x0000000006d98460, 0x0000000006d98618]
Event: 17760.492 Thread 0x000000001731c800 41030       3       com.google.common.io.ByteSource::sizeIfKnown (4 bytes)
Event: 17760.493 Thread 0x000000001731c800 nmethod 41030 0x0000000006e4e110 code [0x0000000006e4e280, 0x0000000006e4e490]
Event: 17760.585 Thread 0x000000001730b000 41031       4       com.google.common.collect.ImmutableMap::copyOf (58 bytes)
Event: 17760.612 Thread 0x000000001730b000 nmethod 41031 0x0000000006e4b890 code [0x0000000006e4ba60, 0x0000000006e4c1e8]

GC Heap History (10 events):
Event: 17709.906 GC heap after
Heap after GC invocations=107 (full 10):
 PSYoungGen      total 540672K, used 71223K [0x00000000d5580000, 0x0000000100000000, 0x0000000100000000)
  eden space 398848K, 0% used [0x00000000d5580000,0x00000000d5580000,0x00000000edb00000)
  from space 141824K, 50% used [0x00000000edb00000,0x00000000f208df58,0x00000000f6580000)
  to   space 138240K, 0% used [0x00000000f7900000,0x00000000f7900000,0x0000000100000000)
 ParOldGen       total 397824K, used 286334K [0x0000000080000000, 0x0000000098480000, 0x00000000d5580000)
  object space 397824K, 71% used [0x0000000080000000,0x000000009179f970,0x0000000098480000)
 Metaspace       used 155156K, capacity 165318K, committed 165800K, reserved 1193984K
  class space    used 19643K, capacity 21479K, committed 21672K, reserved 1048576K
}
Event: 17744.552 GC heap before
{Heap before GC invocations=108 (full 10):
 PSYoungGen      total 540672K, used 470071K [0x00000000d5580000, 0x0000000100000000, 0x0000000100000000)
  eden space 398848K, 100% used [0x00000000d5580000,0x00000000edb00000,0x00000000edb00000)
  from space 141824K, 50% used [0x00000000edb00000,0x00000000f208df58,0x00000000f6580000)
  to   space 138240K, 0% used [0x00000000f7900000,0x00000000f7900000,0x0000000100000000)
 ParOldGen       total 397824K, used 286334K [0x0000000080000000, 0x0000000098480000, 0x00000000d5580000)
  object space 397824K, 71% used [0x0000000080000000,0x000000009179f970,0x0000000098480000)
 Metaspace       used 163383K, capacity 173540K, committed 173992K, reserved 1200128K
  class space    used 20427K, capacity 22280K, committed 22440K, reserved 1048576K
Event: 17744.757 GC heap after
Heap after GC invocations=108 (full 10):
 PSYoungGen      total 544256K, used 41553K [0x00000000d5580000, 0x00000000ff380000, 0x0000000100000000)
  eden space 418816K, 0% used [0x00000000d5580000,0x00000000d5580000,0x00000000eee80000)
  from space 125440K, 33% used [0x00000000f7900000,0x00000000fa194768,0x00000000ff380000)
  to   space 133632K, 0% used [0x00000000eee80000,0x00000000eee80000,0x00000000f7100000)
 ParOldGen       total 397824K, used 308473K [0x0000000080000000, 0x0000000098480000, 0x00000000d5580000)
  object space 397824K, 77% used [0x0000000080000000,0x0000000092d3e450,0x0000000098480000)
 Metaspace       used 163383K, capacity 173540K, committed 173992K, reserved 1200128K
  class space    used 20427K, capacity 22280K, committed 22440K, reserved 1048576K
}
Event: 17754.188 GC heap before
{Heap before GC invocations=109 (full 10):
 PSYoungGen      total 544256K, used 460369K [0x00000000d5580000, 0x00000000ff380000, 0x0000000100000000)
  eden space 418816K, 100% used [0x00000000d5580000,0x00000000eee80000,0x00000000eee80000)
  from space 125440K, 33% used [0x00000000f7900000,0x00000000fa194768,0x00000000ff380000)
  to   space 133632K, 0% used [0x00000000eee80000,0x00000000eee80000,0x00000000f7100000)
 ParOldGen       total 397824K, used 308473K [0x0000000080000000, 0x0000000098480000, 0x00000000d5580000)
  object space 397824K, 77% used [0x0000000080000000,0x0000000092d3e450,0x0000000098480000)
 Metaspace       used 163876K, capacity 174108K, committed 174504K, reserved 1202176K
  class space    used 20463K, capacity 22326K, committed 22440K, reserved 1048576K
Event: 17754.253 GC heap after
Heap after GC invocations=109 (full 10):
 PSYoungGen      total 552448K, used 32871K [0x00000000d5580000, 0x0000000100000000, 0x0000000100000000)
  eden space 418816K, 0% used [0x00000000d5580000,0x00000000d5580000,0x00000000eee80000)
  from space 133632K, 24% used [0x00000000eee80000,0x00000000f0e99d98,0x00000000f7100000)
  to   space 130560K, 0% used [0x00000000f8080000,0x00000000f8080000,0x0000000100000000)
 ParOldGen       total 397824K, used 308497K [0x0000000080000000, 0x0000000098480000, 0x00000000d5580000)
  object space 397824K, 77% used [0x0000000080000000,0x0000000092d44450,0x0000000098480000)
 Metaspace       used 163876K, capacity 174108K, committed 174504K, reserved 1202176K
  class space    used 20463K, capacity 22326K, committed 22440K, reserved 1048576K
}
Event: 17756.140 GC heap before
{Heap before GC invocations=110 (full 10):
 PSYoungGen      total 552448K, used 451687K [0x00000000d5580000, 0x0000000100000000, 0x0000000100000000)
  eden space 418816K, 100% used [0x00000000d5580000,0x00000000eee80000,0x00000000eee80000)
  from space 133632K, 24% used [0x00000000eee80000,0x00000000f0e99d98,0x00000000f7100000)
  to   space 130560K, 0% used [0x00000000f8080000,0x00000000f8080000,0x0000000100000000)
 ParOldGen       total 397824K, used 308497K [0x0000000080000000, 0x0000000098480000, 0x00000000d5580000)
  object space 397824K, 77% used [0x0000000080000000,0x0000000092d44450,0x0000000098480000)
 Metaspace       used 165065K, capacity 175324K, committed 175656K, reserved 1202176K
  class space    used 20585K, capacity 22454K, committed 22568K, reserved 1048576K
Event: 17756.780 GC heap after
Heap after GC invocations=110 (full 10):
 PSYoungGen      total 524288K, used 130547K [0x00000000d5580000, 0x0000000100000000, 0x0000000100000000)
  eden space 393728K, 0% used [0x00000000d5580000,0x00000000d5580000,0x00000000ed600000)
  from space 130560K, 99% used [0x00000000f8080000,0x00000000ffffcc90,0x0000000100000000)
  to   space 152576K, 0% used [0x00000000ed600000,0x00000000ed600000,0x00000000f6b00000)
 ParOldGen       total 397824K, used 313120K [0x0000000080000000, 0x0000000098480000, 0x00000000d5580000)
  object space 397824K, 78% used [0x0000000080000000,0x00000000931c81e0,0x0000000098480000)
 Metaspace       used 165065K, capacity 175324K, committed 175656K, reserved 1202176K
  class space    used 20585K, capacity 22454K, committed 22568K, reserved 1048576K
}
Event: 17757.742 GC heap before
{Heap before GC invocations=111 (full 10):
 PSYoungGen      total 524288K, used 524275K [0x00000000d5580000, 0x0000000100000000, 0x0000000100000000)
  eden space 393728K, 100% used [0x00000000d5580000,0x00000000ed600000,0x00000000ed600000)
  from space 130560K, 99% used [0x00000000f8080000,0x00000000ffffcc90,0x0000000100000000)
  to   space 152576K, 0% used [0x00000000ed600000,0x00000000ed600000,0x00000000f6b00000)
 ParOldGen       total 397824K, used 313120K [0x0000000080000000, 0x0000000098480000, 0x00000000d5580000)
  object space 397824K, 78% used [0x0000000080000000,0x00000000931c81e0,0x0000000098480000)
 Metaspace       used 165469K, capacity 175742K, committed 175912K, reserved 1202176K
  class space    used 20633K, capacity 22505K, committed 22568K, reserved 1048576K
Event: 17758.551 GC heap after
Heap after GC invocations=111 (full 10):
 PSYoungGen      total 520704K, used 126845K [0x00000000d5580000, 0x0000000100000000, 0x0000000100000000)
  eden space 393728K, 0% used [0x00000000d5580000,0x00000000d5580000,0x00000000ed600000)
  from space 126976K, 99% used [0x00000000ed600000,0x00000000f51df758,0x00000000f5200000)
  to   space 166912K, 0% used [0x00000000f5d00000,0x00000000f5d00000,0x0000000100000000)
 ParOldGen       total 397824K, used 336058K [0x0000000080000000, 0x0000000098480000, 0x00000000d5580000)
  object space 397824K, 84% used [0x0000000080000000,0x000000009482e940,0x0000000098480000)
 Metaspace       used 165469K, capacity 175742K, committed 175912K, reserved 1202176K
  class space    used 20633K, capacity 22505K, committed 22568K, reserved 1048576K
}
Event: 17760.786 GC heap before
{Heap before GC invocations=112 (full 10):
 PSYoungGen      total 520704K, used 520573K [0x00000000d5580000, 0x0000000100000000, 0x0000000100000000)
  eden space 393728K, 100% used [0x00000000d5580000,0x00000000ed600000,0x00000000ed600000)
  from space 126976K, 99% used [0x00000000ed600000,0x00000000f51df758,0x00000000f5200000)
  to   space 166912K, 0% used [0x00000000f5d00000,0x00000000f5d00000,0x0000000100000000)
 ParOldGen       total 397824K, used 336058K [0x0000000080000000, 0x0000000098480000, 0x00000000d5580000)
  object space 397824K, 84% used [0x0000000080000000,0x000000009482e940,0x0000000098480000)
 Metaspace       used 165512K, capacity 175822K, committed 175912K, reserved 1202176K
  class space    used 20634K, capacity 22507K, committed 22568K, reserved 1048576K

Deoptimization events (10 events):
Event: 17757.273 Thread 0x000000002b2b8000 Uncommon trap: reason=class_check action=maybe_recompile pc=0x00000000086d2aa8 method=java.lang.AbstractStringBuilder.append(Ljava/lang/CharSequence;)Ljava/lang/AbstractStringBuilder; @ 37
Event: 17758.924 Thread 0x0000000020130800 Uncommon trap: reason=bimorphic action=maybe_recompile pc=0x0000000003dc94c4 method=com.google.common.collect.ImmutableMap.copyOf(Ljava/lang/Iterable;)Lcom/google/common/collect/ImmutableMap; @ 53
Event: 17759.530 Thread 0x0000000020131800 Uncommon trap: reason=unstable_if action=reinterpret pc=0x00000000034586a0 method=com.android.build.gradle.internal.packaging.ParsedPackagingOptions.getAction(Ljava/lang/String;)Lcom/android/build/gradle/internal/packaging/PackagingFileAction; @ 149
Event: 17759.547 Thread 0x0000000020131800 Uncommon trap: reason=unstable_if action=reinterpret pc=0x00000000052b69a0 method=com.android.build.gradle.internal.matcher.FolderInHierarchyPathMatcher.matches(Ljava/nio/file/Path;)Z @ 45
Event: 17759.547 Thread 0x0000000020131800 Uncommon trap: reason=unstable_if action=reinterpret pc=0x000000000528a0b4 method=sun.nio.fs.WindowsPath.getFileName()Ljava/nio/file/Path; @ 22
Event: 17759.547 Thread 0x0000000020131800 Uncommon trap: reason=unstable_if action=reinterpret pc=0x00000000050f58dc method=com.android.build.gradle.internal.matcher.FileExtensionWithPrefixPathMatcher.matches(Ljava/nio/file/Path;)Z @ 68
Event: 17759.597 Thread 0x0000000020131800 Uncommon trap: reason=class_check action=maybe_recompile pc=0x000000000819e088 method=java.util.Spliterators.spliterator(Ljava/util/Collection;I)Ljava/util/Spliterator; @ 8
Event: 17759.598 Thread 0x0000000020131800 Uncommon trap: reason=class_check action=maybe_recompile pc=0x000000000819e088 method=java.util.Spliterators.spliterator(Ljava/util/Collection;I)Ljava/util/Spliterator; @ 8
Event: 17759.598 Thread 0x0000000020131800 Uncommon trap: reason=class_check action=maybe_recompile pc=0x000000000819e088 method=java.util.Spliterators.spliterator(Ljava/util/Collection;I)Ljava/util/Spliterator; @ 8
Event: 17759.598 Thread 0x0000000020131800 Uncommon trap: reason=class_check action=maybe_recompile pc=0x000000000819e088 method=java.util.Spliterators.spliterator(Ljava/util/Collection;I)Ljava/util/Spliterator; @ 8

Classes redefined (0 events):
No events

Internal exceptions (10 events):
Event: 17753.994 Thread 0x000000002b2b9800 Exception <a 'sun/nio/fs/WindowsException'> (0x00000000eddd8670) thrown at [C:\src\AOSP-openjdk-git\hotspot\src\share\vm\prims\jni.cpp, line 710]
Event: 17753.994 Thread 0x000000002b2b9800 Exception <a 'sun/nio/fs/WindowsException'> (0x00000000eddd96d8) thrown at [C:\src\AOSP-openjdk-git\hotspot\src\share\vm\prims\jni.cpp, line 710]
Event: 17754.013 Thread 0x0000000020131800 Exception <a 'sun/nio/fs/WindowsException'> (0x00000000e85e5ca0) thrown at [C:\src\AOSP-openjdk-git\hotspot\src\share\vm\prims\jni.cpp, line 710]
Event: 17754.022 Thread 0x000000002b2b8000 Exception <a 'sun/nio/fs/WindowsException'> (0x00000000edeb6e90) thrown at [C:\src\AOSP-openjdk-git\hotspot\src\share\vm\prims\jni.cpp, line 710]
Event: 17754.023 Thread 0x000000002b2b8000 Exception <a 'sun/nio/fs/WindowsException'> (0x00000000edeb7f30) thrown at [C:\src\AOSP-openjdk-git\hotspot\src\share\vm\prims\jni.cpp, line 710]
Event: 17755.708 Thread 0x000000002b2b8000 Exception <a 'sun/nio/fs/WindowsException'> (0x00000000e61f5298) thrown at [C:\src\AOSP-openjdk-git\hotspot\src\share\vm\prims\jni.cpp, line 710]
Event: 17755.709 Thread 0x000000002b2b8000 Exception <a 'sun/nio/fs/WindowsException'> (0x00000000e61f6320) thrown at [C:\src\AOSP-openjdk-git\hotspot\src\share\vm\prims\jni.cpp, line 710]
Event: 17755.709 Thread 0x000000002b2b8000 Exception <a 'sun/nio/fs/WindowsException'> (0x00000000e61f6e68) thrown at [C:\src\AOSP-openjdk-git\hotspot\src\share\vm\prims\jni.cpp, line 710]
Event: 17755.709 Thread 0x000000002b2b8000 Exception <a 'sun/nio/fs/WindowsException'> (0x00000000e61f7ee0) thrown at [C:\src\AOSP-openjdk-git\hotspot\src\share\vm\prims\jni.cpp, line 710]
Event: 17756.878 Thread 0x000000002b2b8000 Exception <a 'java/lang/ClassNotFoundException': android/app/Application> (0x00000000d7e08210) thrown at [C:\src\AOSP-openjdk-git\hotspot\src\share\vm\classfile\systemDictionary.cpp, line 210]

Events (10 events):
Event: 17759.598 Thread 0x0000000020131800 DEOPT UNPACKING pc=0x000000000272557b sp=0x000000003089e220 mode 2
Event: 17759.598 Thread 0x0000000020131800 Uncommon trap: trap_request=0xffffffde fr.pc=0x000000000819e088
Event: 17759.598 Thread 0x0000000020131800 DEOPT PACKING pc=0x000000000819e088 sp=0x000000003089e2f0
Event: 17759.598 Thread 0x0000000020131800 DEOPT UNPACKING pc=0x000000000272557b sp=0x000000003089e220 mode 2
Event: 17760.125 Thread 0x0000000020130800 DEOPT PACKING pc=0x00000000078ae4a7 sp=0x000000002be2df20
Event: 17760.125 Thread 0x0000000020130800 DEOPT UNPACKING pc=0x00000000027271d0 sp=0x000000002be2dc40 mode 0
Event: 17760.678 Executing VM operation: RevokeBias
Event: 17760.679 Executing VM operation: RevokeBias done
Event: 17760.679 Thread 0x0000000019598000 Thread exited: 0x0000000019598000
Event: 17760.785 Executing VM operation: ParallelGCFailedAllocation


Dynamic libraries:
0x00007ff6fb700000 - 0x00007ff6fb731000 	D:\Program Files\AndroidStudio\jre\bin\java.exe
0x00007ffb24d70000 - 0x00007ffb24f66000 	C:\WINDOWS\SYSTEM32\ntdll.dll
0x00007ffb23420000 - 0x00007ffb234dd000 	C:\WINDOWS\System32\KERNEL32.DLL
0x00007ffb22620000 - 0x00007ffb228e9000 	C:\WINDOWS\System32\KERNELBASE.dll
0x00007ffb24020000 - 0x00007ffb240cc000 	C:\WINDOWS\System32\ADVAPI32.dll
0x00007ffb23540000 - 0x00007ffb235de000 	C:\WINDOWS\System32\msvcrt.dll
0x00007ffb24c90000 - 0x00007ffb24d2c000 	C:\WINDOWS\System32\sechost.dll
0x00007ffb22dd0000 - 0x00007ffb22efb000 	C:\WINDOWS\System32\RPCRT4.dll
0x00007ffb23c10000 - 0x00007ffb23db0000 	C:\WINDOWS\System32\USER32.dll
0x00007ffb22560000 - 0x00007ffb22582000 	C:\WINDOWS\System32\win32u.dll
0x00007ffb22f00000 - 0x00007ffb22f2a000 	C:\WINDOWS\System32\GDI32.dll
0x00007ffb22a40000 - 0x00007ffb22b4b000 	C:\WINDOWS\System32\gdi32full.dll
0x00007ffb22cb0000 - 0x00007ffb22d4d000 	C:\WINDOWS\System32\msvcp_win.dll
0x00007ffb22940000 - 0x00007ffb22a40000 	C:\WINDOWS\System32\ucrtbase.dll
0x00007ffafed60000 - 0x00007ffafeffb000 	C:\WINDOWS\WinSxS\amd64_microsoft.windows.common-controls_6595b64144ccf1df_6.0.19041.746_none_ca02b4b61b8320a4\COMCTL32.dll
0x00007ffb23390000 - 0x00007ffb233c0000 	C:\WINDOWS\System32\IMM32.DLL
0x000000005b830000 - 0x000000005b902000 	D:\Program Files\AndroidStudio\jre\jre\bin\msvcr100.dll
0x000000005b9f0000 - 0x000000005c23b000 	D:\Program Files\AndroidStudio\jre\jre\bin\server\jvm.dll
0x00007ffb23250000 - 0x00007ffb23258000 	C:\WINDOWS\System32\PSAPI.DLL
0x00007ffb09980000 - 0x00007ffb09989000 	C:\WINDOWS\SYSTEM32\WSOCK32.dll
0x00007ffb02400000 - 0x00007ffb02427000 	C:\WINDOWS\SYSTEM32\WINMM.dll
0x00007ffb23050000 - 0x00007ffb230bb000 	C:\WINDOWS\System32\WS2_32.dll
0x00007ffb0c7c0000 - 0x00007ffb0c7ca000 	C:\WINDOWS\SYSTEM32\VERSION.dll
0x00007ffb1c4c0000 - 0x00007ffb1c4cf000 	D:\Program Files\AndroidStudio\jre\jre\bin\verify.dll
0x00007ffb0cc00000 - 0x00007ffb0cc29000 	D:\Program Files\AndroidStudio\jre\jre\bin\java.dll
0x00007ffb09ed0000 - 0x00007ffb09ee6000 	D:\Program Files\AndroidStudio\jre\jre\bin\zip.dll
0x00007ffb240d0000 - 0x00007ffb24813000 	C:\WINDOWS\System32\SHELL32.dll
0x00007ffb20610000 - 0x00007ffb20d9f000 	C:\WINDOWS\SYSTEM32\windows.storage.dll
0x00007ffb23750000 - 0x00007ffb23aa6000 	C:\WINDOWS\System32\combase.dll
0x00007ffb21ea0000 - 0x00007ffb21ecc000 	C:\WINDOWS\SYSTEM32\Wldp.dll
0x00007ffb23f60000 - 0x00007ffb2400e000 	C:\WINDOWS\System32\SHCORE.dll
0x00007ffb233c0000 - 0x00007ffb23415000 	C:\WINDOWS\System32\shlwapi.dll
0x00007ffb223e0000 - 0x00007ffb22406000 	C:\WINDOWS\SYSTEM32\profapi.dll
0x00007ffb09eb0000 - 0x00007ffb09eca000 	D:\Program Files\AndroidStudio\jre\jre\bin\net.dll
0x00007ffb21c20000 - 0x00007ffb21c8a000 	C:\WINDOWS\system32\mswsock.dll
0x00007ffb09e90000 - 0x00007ffb09ea3000 	D:\Program Files\AndroidStudio\jre\jre\bin\nio.dll
0x00007ffb0a020000 - 0x00007ffb0a046000 	C:\Users\homaw\.gradle\native\31\windows-amd64\native-platform.dll
0x00007ffb1c3b0000 - 0x00007ffb1c3bd000 	D:\Program Files\AndroidStudio\jre\jre\bin\management.dll
0x00007ffb21df0000 - 0x00007ffb21e08000 	C:\WINDOWS\SYSTEM32\CRYPTSP.dll
0x00007ffb21560000 - 0x00007ffb21594000 	C:\WINDOWS\system32\rsaenh.dll
0x00007ffb225f0000 - 0x00007ffb22617000 	C:\WINDOWS\System32\bcrypt.dll
0x00007ffb223a0000 - 0x00007ffb223ce000 	C:\WINDOWS\SYSTEM32\USERENV.dll
0x00007ffb22d50000 - 0x00007ffb22dd0000 	C:\WINDOWS\System32\bcryptprimitives.dll
0x00007ffb21e10000 - 0x00007ffb21e1c000 	C:\WINDOWS\SYSTEM32\CRYPTBASE.dll
0x00007ffb218b0000 - 0x00007ffb218eb000 	C:\WINDOWS\SYSTEM32\IPHLPAPI.DLL
0x00007ffb24010000 - 0x00007ffb24018000 	C:\WINDOWS\System32\NSI.dll
0x00007ffb1a670000 - 0x00007ffb1a687000 	C:\WINDOWS\SYSTEM32\dhcpcsvc6.DLL
0x00007ffb1aaf0000 - 0x00007ffb1ab0d000 	C:\WINDOWS\SYSTEM32\dhcpcsvc.DLL
0x00007ffb218f0000 - 0x00007ffb219bb000 	C:\WINDOWS\SYSTEM32\DNSAPI.dll
0x00007ffaf1690000 - 0x00007ffaf182c000 	D:\Program Files\AndroidStudio\jre\jre\bin\awt.dll
0x00007ffb235f0000 - 0x00007ffb236bd000 	C:\WINDOWS\System32\OLEAUT32.dll
0x00007ffb202e0000 - 0x00007ffb2030f000 	C:\WINDOWS\SYSTEM32\dwmapi.dll
0x00007ffb1ec60000 - 0x00007ffb1f220000 	C:\WINDOWS\SYSTEM32\d2d1.dll
0x00007ffb1ff70000 - 0x00007ffb20000000 	C:\WINDOWS\SYSTEM32\apphelp.dll
0x00007ffb20020000 - 0x00007ffb200be000 	C:\WINDOWS\system32\uxtheme.dll
0x00007ffb09d90000 - 0x00007ffb09db4000 	D:\Program Files\AndroidStudio\jre\jre\bin\sunec.dll
0x00007ffb1c3d0000 - 0x00007ffb1c3db000 	D:\Program Files\AndroidStudio\jre\jre\bin\sunmscapi.dll
0x00007ffb22b50000 - 0x00007ffb22ca6000 	C:\WINDOWS\System32\CRYPT32.dll
0x000000005ca90000 - 0x000000005cab6000 	C:\Program Files\Bonjour\mdnsNSP.dll
0x00007ffb1a6c0000 - 0x00007ffb1a6ca000 	C:\Windows\System32\rasadhlp.dll
0x00007ffb1a370000 - 0x00007ffb1a3ef000 	C:\WINDOWS\System32\fwpuclnt.dll

VM Arguments:
jvm_args: -Xmx2048m -Dfile.encoding=windows-1252 -Duser.country=FR -Duser.language=fr -Duser.variant 
java_command: org.gradle.launcher.daemon.bootstrap.GradleDaemon 6.1.1
java_class_path (initial): C:\Users\homaw\.gradle\wrapper\dists\gradle-6.1.1-all\cfmwm155h49vnt3hynmlrsdst\gradle-6.1.1\lib\gradle-launcher-6.1.1.jar
Launcher Type: SUN_STANDARD

Environment Variables:
PATH=C:\Windows\System32;C:\Windows;C:\Windows\System32\wbem;C:\Windows\System32\WindowsPowerShell\v1.0\;C:\Windows\System32\OpenSSH\;C:\Program Files\Inkscape\bin;C:\SD\Program Files\nodejs\;C:\Program Files\Git\cmd;D:\Program Files\Git\cmd;C:\Program Files\dotnet\;D:\Program Files\Python\Scripts\;D:\Program Files\Python\;C:\Users\homaw\AppData\Local\Microsoft\WindowsApps;D:\Program Files\Microsoft VS Code\bin;D:\Program Files\java jdk\bin;D:\Program Files\ffmpeg\bin;D:\Program Files\gcc\bin;D:\Program Files\GnuWin32\bin;D:\Program Files\PyCharm Community Edition 2019.3.1\bin;D:\Program Files\Nmap;D:\Program Files\IntelliJ IDEA Community Edition 2020.1.2\bin;D:\Program Files\Git\bin;D:\Serveur\mysql\bin;D:\Program Files\Inno Setup 6;D:\Program Files\Git\bin;C:\Users\homaw\AppData\Roaming\npm;D:\Program Files\Sublime Text 3;C:\Users\homaw\AppData\Local\GitHubDesktop\bin
USERNAME=homaw
OS=Windows_NT
PROCESSOR_IDENTIFIER=Intel64 Family 6 Model 142 Stepping 9, GenuineIntel



---------------  S Y S T E M  ---------------

OS: Windows 10.0 , 64 bit Build 19041 (10.0.19041.662)

CPU:total 4 (initial active 4) (2 cores per cpu, 2 threads per core) family 6 model 142 stepping 9, cmov, cx8, fxsr, mmx, sse, sse2, sse3, ssse3, sse4.1, sse4.2, popcnt, aes, clmul, erms, 3dnowpref, lzcnt, ht, tsc, tscinvbit

Memory: 4k page, physical 4076004k(201368k free), swap 11391460k(0k free)

vm_info: OpenJDK 64-Bit Server VM (25.242-b01) for windows-amd64 JRE (1.8.0_242-release-1644-b01), built by "builder" with MS VC++ 10.0 (VS2010)

time: Sun Jan 31 01:07:44 2021
timezone: Temps universel coordonné
elapsed time: 17761 seconds (0d 4h 56m 1s)

